<?xml version="1.0" encoding="UTF-8"?>
<robot generator="Robot 5.0.1 (Python 3.8.5 on win32)" generated="20221020 17:38:08.772" rpa="false" schemaversion="3">
<suite id="s1" name="CambioMasivo" source="C:\Proyectos\Robot_sfyc\Opereaciones Equipos\Cambio Masivo de Ubicacion\CambioMasivo.robot">
<test id="s1-t1" name="Ingresar usuario" line="17">
<kw name="Open Browser" library="SeleniumLibrary">
<arg>${Pagina}</arg>
<arg>${Navegador}</arg>
<doc>Opens a new browser instance to the optional ``url``.</doc>
<msg timestamp="20221020 17:38:09.703" level="INFO">Opening browser 'Chrome' to base url 'https://qa.sfycnextgen.com.mx/equipments/ui/'.</msg>
<status status="PASS" starttime="20221020 17:38:09.702" endtime="20221020 17:38:38.376"/>
</kw>
<kw name="Maximize Browser Window" library="SeleniumLibrary">
<doc>Maximizes current browser window.</doc>
<status status="PASS" starttime="20221020 17:38:38.376" endtime="20221020 17:38:43.601"/>
</kw>
<kw name="Sleep" library="BuiltIn">
<arg>5s</arg>
<doc>Pauses the test executed for the given time.</doc>
<msg timestamp="20221020 17:38:48.604" level="INFO">Slept 5 seconds</msg>
<status status="PASS" starttime="20221020 17:38:43.601" endtime="20221020 17:38:48.604"/>
</kw>
<kw name="Ingresar usuario contrasena">
<kw name="Input Text" library="SeleniumLibrary">
<arg>name:Username</arg>
<arg>${Usuario}</arg>
<doc>Types the given ``text`` into the text field identified by ``locator``.</doc>
<msg timestamp="20221020 17:38:48.605" level="INFO">Typing text 'softteck01' into text field 'name:Username'.</msg>
<status status="PASS" starttime="20221020 17:38:48.604" endtime="20221020 17:38:49.793"/>
</kw>
<kw name="Input Text" library="SeleniumLibrary">
<arg>name:Password</arg>
<arg>${Pass}</arg>
<doc>Types the given ``text`` into the text field identified by ``locator``.</doc>
<msg timestamp="20221020 17:38:49.794" level="INFO">Typing text '123456c' into text field 'name:Password'.</msg>
<status status="PASS" starttime="20221020 17:38:49.793" endtime="20221020 17:38:50.172"/>
</kw>
<kw name="Sleep" library="BuiltIn">
<arg>2s</arg>
<doc>Pauses the test executed for the given time.</doc>
<msg timestamp="20221020 17:38:52.174" level="INFO">Slept 2 seconds</msg>
<status status="PASS" starttime="20221020 17:38:50.172" endtime="20221020 17:38:52.174"/>
</kw>
<kw name="Click Button" library="SeleniumLibrary">
<arg>name:button</arg>
<doc>Clicks the button identified by ``locator``.</doc>
<msg timestamp="20221020 17:38:52.174" level="INFO">Clicking button 'name:button'.</msg>
<status status="PASS" starttime="20221020 17:38:52.174" endtime="20221020 17:38:59.642"/>
</kw>
<status status="PASS" starttime="20221020 17:38:48.604" endtime="20221020 17:38:59.642"/>
</kw>
<status status="PASS" starttime="20221020 17:38:09.699" endtime="20221020 17:38:59.643"/>
</test>
<test id="s1-t2" name="Navegar menu" line="23">
<kw name="Sleep" library="BuiltIn">
<arg>15s</arg>
<doc>Pauses the test executed for the given time.</doc>
<msg timestamp="20221020 17:39:14.645" level="INFO">Slept 15 seconds</msg>
<status status="PASS" starttime="20221020 17:38:59.644" endtime="20221020 17:39:14.646"/>
</kw>
<kw name="Seleccionar menu">
<kw name="Click Element" library="SeleniumLibrary">
<arg>${Bottonmenu}</arg>
<doc>Click the element identified by ``locator``.</doc>
<msg timestamp="20221020 17:39:14.648" level="INFO">Clicking element 'xpath=/html/body/app-root/app-side-nav-outer-toolbar/dx-drawer/div/div[1]'.</msg>
<status status="PASS" starttime="20221020 17:39:14.647" endtime="20221020 17:39:14.862"/>
</kw>
<status status="PASS" starttime="20221020 17:39:14.646" endtime="20221020 17:39:14.862"/>
</kw>
<kw name="Sleep" library="BuiltIn">
<arg>5s</arg>
<doc>Pauses the test executed for the given time.</doc>
<msg timestamp="20221020 17:39:19.869" level="INFO">Slept 5 seconds</msg>
<status status="PASS" starttime="20221020 17:39:14.863" endtime="20221020 17:39:19.870"/>
</kw>
<status status="PASS" starttime="20221020 17:38:59.643" endtime="20221020 17:39:19.871"/>
</test>
<test id="s1-t3" name="Seleccionar operaciones equipos" line="28">
<kw name="Seleccionar Bottonoperacionesequipos">
<kw name="Click Element" library="SeleniumLibrary">
<arg>${Bottonoperacionesequipos}</arg>
<doc>Click the element identified by ``locator``.</doc>
<msg timestamp="20221020 17:39:19.874" level="INFO">Clicking element 'xpath=//*[@id="divcontenedor"]/div[2]/dx-scroll-view/div[1]/div/div[1]/div[2]/div/div/dx-tree-view/div[2]/div/div/div[1]/ul/li/ul/li[5]'.</msg>
<status status="PASS" starttime="20221020 17:39:19.873" endtime="20221020 17:39:20.169"/>
</kw>
<status status="PASS" starttime="20221020 17:39:19.873" endtime="20221020 17:39:20.170"/>
</kw>
<kw name="Sleep" library="BuiltIn">
<arg>5s</arg>
<doc>Pauses the test executed for the given time.</doc>
<msg timestamp="20221020 17:39:25.172" level="INFO">Slept 5 seconds</msg>
<status status="PASS" starttime="20221020 17:39:20.170" endtime="20221020 17:39:25.172"/>
</kw>
<status status="PASS" starttime="20221020 17:39:19.873" endtime="20221020 17:39:25.172"/>
</test>
<test id="s1-t4" name="Seleccionar Cambios Masivo Ubi" line="32">
<kw name="Seleccionar Cambio Masivos">
<kw name="Click Element" library="SeleniumLibrary">
<arg>${CambioMasivo}</arg>
<doc>Click the element identified by ``locator``.</doc>
<msg timestamp="20221020 17:39:25.177" level="INFO">Clicking element 'xpath=/html[1]/body[1]/app-root[1]/app-side-nav-outer-toolbar[1]/dx-drawer[1]/div[1]/div[1]/app-side-navigation-menu[1]/div[1]/div[2]/dx-scroll-view[1]/div[1]/div[1]/div[1]/div[2]/div[1]/div[1]/dx-tree-view[1]/div[2]/div[1]/div[1]/div[1]/ul[1]/li[1]/ul[1]/li[5]/ul[1]/li[7]/div[1]/div[1]/span[1]'.</msg>
<status status="PASS" starttime="20221020 17:39:25.176" endtime="20221020 17:39:25.365"/>
</kw>
<status status="PASS" starttime="20221020 17:39:25.175" endtime="20221020 17:39:25.366"/>
</kw>
<kw name="Sleep" library="BuiltIn">
<arg>5s</arg>
<doc>Pauses the test executed for the given time.</doc>
<msg timestamp="20221020 17:39:30.369" level="INFO">Slept 5 seconds</msg>
<status status="PASS" starttime="20221020 17:39:25.366" endtime="20221020 17:39:30.369"/>
</kw>
<kw name="Close Browser" library="SeleniumLibrary">
<doc>Closes the current browser.</doc>
<status status="PASS" starttime="20221020 17:39:30.369" endtime="20221020 17:39:32.989"/>
</kw>
<status status="PASS" starttime="20221020 17:39:25.174" endtime="20221020 17:39:32.989"/>
</test>
<status status="PASS" starttime="20221020 17:38:08.779" endtime="20221020 17:39:32.990"/>
</suite>
<statistics>
<total>
<stat pass="4" fail="0" skip="0">All Tests</stat>
</total>
<tag>
</tag>
<suite>
<stat pass="4" fail="0" skip="0" id="s1" name="CambioMasivo">CambioMasivo</stat>
</suite>
</statistics>
<errors>
</errors>
</robot>
