<?xml version="1.0" encoding="UTF-8"?>
<robot generator="Robot 5.0.1 (Python 3.9.13 on win32)" generated="20240531 13:36:49.312" rpa="false" schemaversion="3">
<suite id="s1" name="Example" source="c:\Proyectos\Robot_Sfyc\Robot_sfyc\Equipos\Dashboard\example.robot">
<test id="s1-t1" name="Paso 1" line="17">
<kw name="Login General">
<tag>Ingresar usuario</tag>
<kw name="Open Browser" library="SeleniumLibrary">
<arg>${Pagina}</arg>
<arg>Chrome</arg>
<doc>Opens a new browser instance to the optional ``url``.</doc>
<msg timestamp="20240531 13:36:49.522" level="INFO">Opening browser 'Chrome' to base url 'https://equipos.qa-cluster.sfycnextgen.com.mx/ui/'.</msg>
<status status="PASS" starttime="20240531 13:36:49.521" endtime="20240531 13:36:56.219"/>
</kw>
<kw name="Maximize Browser Window" library="SeleniumLibrary">
<doc>Maximizes current browser window.</doc>
<status status="PASS" starttime="20240531 13:36:56.219" endtime="20240531 13:36:56.250"/>
</kw>
<kw name="Sleep" library="BuiltIn">
<arg>3s</arg>
<doc>Pauses the test executed for the given time.</doc>
<msg timestamp="20240531 13:36:59.262" level="INFO">Slept 3 seconds</msg>
<status status="PASS" starttime="20240531 13:36:56.250" endtime="20240531 13:36:59.262"/>
</kw>
<kw name="Click Element" library="SeleniumLibrary">
<arg>${Botondominio}</arg>
<doc>Click the element identified by ``locator``.</doc>
<msg timestamp="20240531 13:36:59.263" level="INFO">Clicking element 'xpath=//*[@id="Domain"]/option[3]'.</msg>
<status status="PASS" starttime="20240531 13:36:59.262" endtime="20240531 13:36:59.302"/>
</kw>
<kw name="Sleep" library="BuiltIn">
<arg>3s</arg>
<doc>Pauses the test executed for the given time.</doc>
<msg timestamp="20240531 13:37:02.312" level="INFO">Slept 3 seconds</msg>
<status status="PASS" starttime="20240531 13:36:59.302" endtime="20240531 13:37:02.312"/>
</kw>
<kw name="Input Text" library="SeleniumLibrary">
<arg>${user}</arg>
<arg>mimartinezro</arg>
<doc>Types the given ``text`` into the text field identified by ``locator``.</doc>
<msg timestamp="20240531 13:37:02.312" level="INFO">Typing text 'mimartinezro' into text field 'xpath=//input[@id='Username']'.</msg>
<status status="PASS" starttime="20240531 13:37:02.312" endtime="20240531 13:37:02.426"/>
</kw>
<kw name="Input Text" library="SeleniumLibrary">
<arg>${pw}</arg>
<arg>Mega12345</arg>
<doc>Types the given ``text`` into the text field identified by ``locator``.</doc>
<msg timestamp="20240531 13:37:02.427" level="INFO">Typing text 'Mega12345' into text field 'xpath=//input[contains(@type,'password')]'.</msg>
<status status="PASS" starttime="20240531 13:37:02.426" endtime="20240531 13:37:02.506"/>
</kw>
<kw name="Click Element" library="SeleniumLibrary">
<arg>${Iniciar}</arg>
<doc>Click the element identified by ``locator``.</doc>
<msg timestamp="20240531 13:37:02.507" level="INFO">Clicking element 'xpath=//button[@name='button']'.</msg>
<status status="PASS" starttime="20240531 13:37:02.506" endtime="20240531 13:37:04.227"/>
</kw>
<kw name="Sleep" library="BuiltIn">
<arg>5s</arg>
<doc>Pauses the test executed for the given time.</doc>
<msg timestamp="20240531 13:37:09.232" level="INFO">Slept 5 seconds</msg>
<status status="PASS" starttime="20240531 13:37:04.230" endtime="20240531 13:37:09.232"/>
</kw>
<status status="PASS" starttime="20240531 13:36:49.521" endtime="20240531 13:37:09.232"/>
</kw>
<status status="PASS" starttime="20240531 13:36:49.520" endtime="20240531 13:37:09.232"/>
</test>
<test id="s1-t2" name="Paso 2" line="20">
<kw name="Dashboard">
<tag>Dashboard</tag>
<kw name="Click Element" library="SeleniumLibrary">
<arg>${Dashboard}</arg>
<doc>Click the element identified by ``locator``.</doc>
<msg timestamp="20240531 13:37:09.232" level="INFO">Clicking element 'xpath=//span[contains(.,'Dashboard')]'.</msg>
<status status="PASS" starttime="20240531 13:37:09.232" endtime="20240531 13:37:09.321"/>
</kw>
<kw name="Sleep" library="BuiltIn">
<arg>5s</arg>
<doc>Pauses the test executed for the given time.</doc>
<msg timestamp="20240531 13:37:14.327" level="INFO">Slept 5 seconds</msg>
<status status="PASS" starttime="20240531 13:37:09.321" endtime="20240531 13:37:14.327"/>
</kw>
<status status="PASS" starttime="20240531 13:37:09.232" endtime="20240531 13:37:14.327"/>
</kw>
<status status="PASS" starttime="20240531 13:37:09.232" endtime="20240531 13:37:14.327"/>
</test>
<status status="PASS" starttime="20240531 13:36:49.317" endtime="20240531 13:37:14.327"/>
</suite>
<statistics>
<total>
<stat pass="2" fail="0" skip="0">All Tests</stat>
</total>
<tag>
</tag>
<suite>
<stat pass="2" fail="0" skip="0" id="s1" name="Example">Example</stat>
</suite>
</statistics>
<errors>
</errors>
</robot>
