<?xml version="1.0" encoding="UTF-8"?>
<robot generator="Robot 6.0.1 (Python 3.11.0 on win32)" generated="20240527 18:20:38.473" rpa="false" schemaversion="3">
<suite id="s1" name="Busqueda Suscriptor Por Nombre Apellidos" source="C:\proyectos\robotFramework\Robot-LastVersion\Robot_sfyc\agenda\BusquedaContrato\busqueda_suscriptor_por_nombre_apellidos\busqueda_suscriptor_por_nombre_apellidos.robot">
<test id="s1-t1" name="Ingresar usuario" line="27">
<kw name="Abrir navegador">
<kw name="Open Browser" library="SeleniumLibrary">
<arg>${Pagina}</arg>
<arg>${Navegador}</arg>
<doc>Opens a new browser instance to the optional ``url``.</doc>
<msg timestamp="20240527 18:20:38.714" level="INFO">Opening browser 'Chrome' to base url 'https://agenda.qa-cluster.sfycnextgen.com.mx/ui/'.</msg>
<status status="PASS" starttime="20240527 18:20:38.713" endtime="20240527 18:20:42.626"/>
</kw>
<kw name="Title Should Be" library="SeleniumLibrary">
<arg>Atención a Clientes</arg>
<doc>Verifies that the current page title equals ``title``.</doc>
<msg timestamp="20240527 18:20:42.635" level="INFO">Page title is 'Atención a Clientes'.</msg>
<status status="PASS" starttime="20240527 18:20:42.626" endtime="20240527 18:20:42.635"/>
</kw>
<status status="PASS" starttime="20240527 18:20:38.713" endtime="20240527 18:20:42.635"/>
</kw>
<kw name="Maximize Browser Window" library="SeleniumLibrary">
<doc>Maximizes current browser window.</doc>
<status status="PASS" starttime="20240527 18:20:42.635" endtime="20240527 18:20:42.666"/>
</kw>
<kw name="Sleep" library="BuiltIn">
<arg>5s</arg>
<doc>Pauses the test executed for the given time.</doc>
<msg timestamp="20240527 18:20:47.668" level="INFO">Slept 5 seconds</msg>
<status status="PASS" starttime="20240527 18:20:42.667" endtime="20240527 18:20:47.668"/>
</kw>
<kw name="Seleccionar dominio">
<kw name="Select From List By Label" library="SeleniumLibrary">
<arg>name:Domain</arg>
<arg>SFYC</arg>
<doc>Selects options from selection list ``locator`` by ``labels``.</doc>
<msg timestamp="20240527 18:20:47.669" level="INFO">Selecting options from selection list 'name:Domain' by label SFYC.</msg>
<status status="PASS" starttime="20240527 18:20:47.668" endtime="20240527 18:20:47.778"/>
</kw>
<status status="PASS" starttime="20240527 18:20:47.668" endtime="20240527 18:20:47.778"/>
</kw>
<kw name="Sleep" library="BuiltIn">
<arg>5s</arg>
<doc>Pauses the test executed for the given time.</doc>
<msg timestamp="20240527 18:20:52.780" level="INFO">Slept 5 seconds</msg>
<status status="PASS" starttime="20240527 18:20:47.780" endtime="20240527 18:20:52.780"/>
</kw>
<kw name="Ingresar usuario contrasena">
<kw name="Input Text" library="SeleniumLibrary">
<arg>name:Username</arg>
<arg>${Usuario}</arg>
<doc>Types the given ``text`` into the text field identified by ``locator``.</doc>
<msg timestamp="20240527 18:20:52.781" level="INFO">Typing text 'dhernandezd' into text field 'name:Username'.</msg>
<status status="PASS" starttime="20240527 18:20:52.781" endtime="20240527 18:20:52.998"/>
</kw>
<kw name="Input Text" library="SeleniumLibrary">
<arg>name:Password</arg>
<arg>${Pass}</arg>
<doc>Types the given ``text`` into the text field identified by ``locator``.</doc>
<msg timestamp="20240527 18:20:52.998" level="INFO">Typing text 'Mega12345' into text field 'name:Password'.</msg>
<status status="PASS" starttime="20240527 18:20:52.998" endtime="20240527 18:20:53.084"/>
</kw>
<kw name="Sleep" library="BuiltIn">
<arg>3s</arg>
<doc>Pauses the test executed for the given time.</doc>
<msg timestamp="20240527 18:20:56.085" level="INFO">Slept 3 seconds</msg>
<status status="PASS" starttime="20240527 18:20:53.084" endtime="20240527 18:20:56.085"/>
</kw>
<kw name="Click Button" library="SeleniumLibrary">
<arg>name:button</arg>
<doc>Clicks the button identified by ``locator``.</doc>
<msg timestamp="20240527 18:20:56.085" level="INFO">Clicking button 'name:button'.</msg>
<status status="PASS" starttime="20240527 18:20:56.085" endtime="20240527 18:20:57.109"/>
</kw>
<status status="PASS" starttime="20240527 18:20:52.780" endtime="20240527 18:20:57.109"/>
</kw>
<kw name="Sleep" library="BuiltIn">
<arg>5s</arg>
<doc>Pauses the test executed for the given time.</doc>
<msg timestamp="20240527 18:21:02.111" level="INFO">Slept 5 seconds</msg>
<status status="PASS" starttime="20240527 18:20:57.109" endtime="20240527 18:21:02.111"/>
</kw>
<kw name="Ingresar contrato">
<kw name="Click Element" library="SeleniumLibrary">
<arg>${btnNombreApellido}</arg>
<doc>Click the element identified by ``locator``.</doc>
<msg timestamp="20240527 18:21:02.112" level="INFO">Clicking element 'xpath=/html[1]/body[1]/div[1]/div[1]/div[2]/app-subscriber-search-container[1]/div[1]/div[1]/dx-scroll-view[1]/div[1]/div[1]/div[1]/div[2]/dx-tab-panel[1]/div[1]/div[1]/div[1]/div[1]/div[1]/div[1]/div[1]/div[2]/div[1]/span[1]'.</msg>
<status status="PASS" starttime="20240527 18:21:02.112" endtime="20240527 18:21:02.221"/>
</kw>
<kw name="Sleep" library="BuiltIn">
<arg>2s</arg>
<doc>Pauses the test executed for the given time.</doc>
<msg timestamp="20240527 18:21:04.222" level="INFO">Slept 2 seconds</msg>
<status status="PASS" starttime="20240527 18:21:02.221" endtime="20240527 18:21:04.222"/>
</kw>
<kw name="Click Element" library="SeleniumLibrary">
<arg>${Lista_sucursal}</arg>
<doc>Click the element identified by ``locator``.</doc>
<msg timestamp="20240527 18:21:04.222" level="INFO">Clicking element 'xpath=/html[1]/body[1]/div[1]/div[1]/div[2]/app-subscriber-search-container[1]/div[1]/div[2]/dx-scroll-view[1]/div[1]/div[1]/div[1]/div[2]/div[1]/div[2]/div[1]/app-subscriber-search-fullname-form[1]/form[1]/div[1]/div[1]/div[1]/app-branch-dropdown[1]/app-base-dropdown[1]/dx-drop-down-box[1]/div[1]/div[1]/div[1]/input[1]'.</msg>
<status status="PASS" starttime="20240527 18:21:04.222" endtime="20240527 18:21:04.349"/>
</kw>
<kw name="Sleep" library="BuiltIn">
<arg>8s</arg>
<doc>Pauses the test executed for the given time.</doc>
<msg timestamp="20240527 18:21:12.351" level="INFO">Slept 8 seconds</msg>
<status status="PASS" starttime="20240527 18:21:04.349" endtime="20240527 18:21:12.351"/>
</kw>
<kw name="Input Text" library="SeleniumLibrary">
<arg>${Campo_sucursal}</arg>
<arg>${Sucursal}</arg>
<doc>Types the given ``text`` into the text field identified by ``locator``.</doc>
<msg timestamp="20240527 18:21:12.351" level="INFO">Typing text '12' into text field 'xpath=//div[contains(@class, "dx-state-focused")]/div/div[1]/input'.</msg>
<status status="PASS" starttime="20240527 18:21:12.351" endtime="20240527 18:21:12.478"/>
</kw>
<kw name="Sleep" library="BuiltIn">
<arg>3s</arg>
<doc>Pauses the test executed for the given time.</doc>
<msg timestamp="20240527 18:21:15.478" level="INFO">Slept 3 seconds</msg>
<status status="PASS" starttime="20240527 18:21:12.478" endtime="20240527 18:21:15.478"/>
</kw>
<kw name="Click Element" library="SeleniumLibrary">
<arg>${Seleccion_sucursal}</arg>
<doc>Click the element identified by ``locator``.</doc>
<msg timestamp="20240527 18:21:15.478" level="INFO">Clicking element 'xpath=//td[normalize-space()='Tepic']'.</msg>
<status status="PASS" starttime="20240527 18:21:15.478" endtime="20240527 18:21:15.581"/>
</kw>
<kw name="Sleep" library="BuiltIn">
<arg>2s</arg>
<doc>Pauses the test executed for the given time.</doc>
<msg timestamp="20240527 18:21:17.581" level="INFO">Slept 2 seconds</msg>
<status status="PASS" starttime="20240527 18:21:15.581" endtime="20240527 18:21:17.581"/>
</kw>
<kw name="Input Text" library="SeleniumLibrary">
<arg>${Input_Apellido_Paterno}</arg>
<arg>${ApellidoPaterno}</arg>
<doc>Types the given ``text`` into the text field identified by ``locator``.</doc>
<msg timestamp="20240527 18:21:17.581" level="INFO">Typing text 'hernandez' into text field 'xpath=//input[@name="fatherLastName"]'.</msg>
<status status="PASS" starttime="20240527 18:21:17.581" endtime="20240527 18:21:17.818"/>
</kw>
<kw name="Sleep" library="BuiltIn">
<arg>2s</arg>
<doc>Pauses the test executed for the given time.</doc>
<msg timestamp="20240527 18:21:19.818" level="INFO">Slept 2 seconds</msg>
<status status="PASS" starttime="20240527 18:21:17.818" endtime="20240527 18:21:19.818"/>
</kw>
<kw name="Input Text" library="SeleniumLibrary">
<arg>${Input_Apellido_Materno}</arg>
<arg>${ApellidoMaterno}</arg>
<doc>Types the given ``text`` into the text field identified by ``locator``.</doc>
<msg timestamp="20240527 18:21:19.818" level="INFO">Typing text 'dominguez' into text field 'xpath=//input[@name="motherLastName"]'.</msg>
<status status="PASS" starttime="20240527 18:21:19.818" endtime="20240527 18:21:20.059"/>
</kw>
<kw name="Sleep" library="BuiltIn">
<arg>2s</arg>
<doc>Pauses the test executed for the given time.</doc>
<msg timestamp="20240527 18:21:22.060" level="INFO">Slept 2 seconds</msg>
<status status="PASS" starttime="20240527 18:21:20.059" endtime="20240527 18:21:22.060"/>
</kw>
<kw name="Input Text" library="SeleniumLibrary">
<arg>${Input_Nombre}</arg>
<arg>${Nombre}</arg>
<doc>Types the given ``text`` into the text field identified by ``locator``.</doc>
<msg timestamp="20240527 18:21:22.060" level="INFO">Typing text 'diana' into text field 'xpath=//input[@name="name"]'.</msg>
<status status="PASS" starttime="20240527 18:21:22.060" endtime="20240527 18:21:22.246"/>
</kw>
<kw name="Sleep" library="BuiltIn">
<arg>2s</arg>
<doc>Pauses the test executed for the given time.</doc>
<msg timestamp="20240527 18:21:24.247" level="INFO">Slept 2 seconds</msg>
<status status="PASS" starttime="20240527 18:21:22.246" endtime="20240527 18:21:24.247"/>
</kw>
<kw name="Click Element" library="SeleniumLibrary">
<arg>${btnConsultar}</arg>
<doc>Click the element identified by ``locator``.</doc>
<msg timestamp="20240527 18:21:24.248" level="INFO">Clicking element 'xpath=/html[1]/body[1]/div[1]/div[1]/div[2]/app-subscriber-search-container[1]/div[1]/div[2]/div[1]/div[1]/dx-button[2]/div[1]/span[1]'.</msg>
<status status="PASS" starttime="20240527 18:21:24.247" endtime="20240527 18:21:24.340"/>
</kw>
<kw name="Sleep" library="BuiltIn">
<arg>5s</arg>
<doc>Pauses the test executed for the given time.</doc>
<msg timestamp="20240527 18:21:29.341" level="INFO">Slept 5 seconds</msg>
<status status="PASS" starttime="20240527 18:21:24.341" endtime="20240527 18:21:29.341"/>
</kw>
<kw name="Double Click Element" library="SeleniumLibrary">
<arg>${Seleccionar_contrato}</arg>
<doc>Double clicks the element identified by ``locator``.</doc>
<msg timestamp="20240527 18:21:29.342" level="INFO">Double clicking element 'xpath=/html[1]/body[1]/div[2]/div[1]/div[2]/app-subscriber-search-grid[1]/div[1]/dx-data-grid[1]/div[1]/div[6]/div[1]/div[1]/div[1]/div[1]/table[1]/tbody[1]/tr[1]/td[3]'.</msg>
<status status="PASS" starttime="20240527 18:21:29.341" endtime="20240527 18:21:29.714"/>
</kw>
<status status="PASS" starttime="20240527 18:21:02.112" endtime="20240527 18:21:29.714"/>
</kw>
<kw name="Sleep" library="BuiltIn">
<arg>5s</arg>
<doc>Pauses the test executed for the given time.</doc>
<msg timestamp="20240527 18:21:34.715" level="INFO">Slept 5 seconds</msg>
<status status="PASS" starttime="20240527 18:21:29.715" endtime="20240527 18:21:34.715"/>
</kw>
<kw name="Cerrar navegador">
<kw name="Sleep" library="BuiltIn">
<arg>3s</arg>
<doc>Pauses the test executed for the given time.</doc>
<msg timestamp="20240527 18:21:37.717" level="INFO">Slept 3 seconds</msg>
<status status="PASS" starttime="20240527 18:21:34.717" endtime="20240527 18:21:37.717"/>
</kw>
<kw name="Close Browser" library="SeleniumLibrary">
<doc>Closes the current browser.</doc>
<status status="PASS" starttime="20240527 18:21:37.717" endtime="20240527 18:21:40.133"/>
</kw>
<status status="PASS" starttime="20240527 18:21:34.717" endtime="20240527 18:21:40.133"/>
</kw>
<status status="PASS" starttime="20240527 18:20:38.712" endtime="20240527 18:21:40.134"/>
</test>
<status status="PASS" starttime="20240527 18:20:38.475" endtime="20240527 18:21:40.136"/>
</suite>
<statistics>
<total>
<stat pass="1" fail="0" skip="0">All Tests</stat>
</total>
<tag>
</tag>
<suite>
<stat pass="1" fail="0" skip="0" id="s1" name="Busqueda Suscriptor Por Nombre Apellidos">Busqueda Suscriptor Por Nombre Apellidos</stat>
</suite>
</statistics>
<errors>
</errors>
</robot>
