<?xml version="1.0" encoding="UTF-8"?>
<robot generator="Robot 6.0 (Python 3.10.8 on win32)" generated="20221020 21:55:40.532" rpa="false" schemaversion="3">
<suite id="s1" name="Transactions-pendientes" source="C:\Proyectos\Robot_sfyc\Transacciones\Transactions-pendientes.robot">
<test id="s1-t1" name="Ingresar usuario" line="19">
<kw name="Open Browser" library="SeleniumLibrary">
<arg>${Pagina}</arg>
<arg>${Navegador}</arg>
<doc>Opens a new browser instance to the optional ``url``.</doc>
<msg timestamp="20221020 21:55:40.738" level="INFO">Opening browser 'Chrome' to base url 'https://qa.sfycnextgen.com.mx/equipments/ui/'.</msg>
<status status="PASS" starttime="20221020 21:55:40.738" endtime="20221020 21:55:46.893"/>
</kw>
<kw name="Maximize Browser Window" library="SeleniumLibrary">
<doc>Maximizes current browser window.</doc>
<status status="PASS" starttime="20221020 21:55:46.893" endtime="20221020 21:55:47.023"/>
</kw>
<kw name="Sleep" library="BuiltIn">
<arg>5s</arg>
<doc>Pauses the test executed for the given time.</doc>
<msg timestamp="20221020 21:55:52.032" level="INFO">Slept 5 seconds</msg>
<status status="PASS" starttime="20221020 21:55:47.023" endtime="20221020 21:55:52.032"/>
</kw>
<kw name="Ingresar usuario contrasena">
<kw name="Input Text" library="SeleniumLibrary">
<arg>name:Username</arg>
<arg>${Usuario}</arg>
<doc>Types the given ``text`` into the text field identified by ``locator``.</doc>
<msg timestamp="20221020 21:55:52.032" level="INFO">Typing text 'softteck01' into text field 'name:Username'.</msg>
<status status="PASS" starttime="20221020 21:55:52.032" endtime="20221020 21:55:52.140"/>
</kw>
<kw name="Input Text" library="SeleniumLibrary">
<arg>name:Password</arg>
<arg>${Pass}</arg>
<doc>Types the given ``text`` into the text field identified by ``locator``.</doc>
<msg timestamp="20221020 21:55:52.140" level="INFO">Typing text '123456c' into text field 'name:Password'.</msg>
<status status="PASS" starttime="20221020 21:55:52.140" endtime="20221020 21:55:52.270"/>
</kw>
<kw name="Sleep" library="BuiltIn">
<arg>2s</arg>
<doc>Pauses the test executed for the given time.</doc>
<msg timestamp="20221020 21:55:54.287" level="INFO">Slept 2 seconds</msg>
<status status="PASS" starttime="20221020 21:55:52.270" endtime="20221020 21:55:54.287"/>
</kw>
<kw name="Click Button" library="SeleniumLibrary">
<arg>name:button</arg>
<doc>Clicks the button identified by ``locator``.</doc>
<msg timestamp="20221020 21:55:54.288" level="INFO">Clicking button 'name:button'.</msg>
<status status="PASS" starttime="20221020 21:55:54.288" endtime="20221020 21:55:57.979"/>
</kw>
<status status="PASS" starttime="20221020 21:55:52.032" endtime="20221020 21:55:57.980"/>
</kw>
<status status="PASS" starttime="20221020 21:55:40.738" endtime="20221020 21:55:57.980"/>
</test>
<test id="s1-t2" name="Navegar menu" line="25">
<kw name="Sleep" library="BuiltIn">
<arg>15s</arg>
<doc>Pauses the test executed for the given time.</doc>
<msg timestamp="20221020 21:56:12.987" level="INFO">Slept 15 seconds</msg>
<status status="PASS" starttime="20221020 21:55:57.980" endtime="20221020 21:56:12.987"/>
</kw>
<kw name="Seleccionar menu">
<kw name="Click Element" library="SeleniumLibrary">
<arg>${Bottonmenu}</arg>
<doc>Click the element identified by ``locator``.</doc>
<msg timestamp="20221020 21:56:12.987" level="INFO">Clicking element 'xpath=/html/body/app-root/app-side-nav-outer-toolbar/dx-drawer/div/div[1]'.</msg>
<status status="PASS" starttime="20221020 21:56:12.987" endtime="20221020 21:56:13.075"/>
</kw>
<status status="PASS" starttime="20221020 21:56:12.987" endtime="20221020 21:56:13.075"/>
</kw>
<kw name="Sleep" library="BuiltIn">
<arg>5s</arg>
<doc>Pauses the test executed for the given time.</doc>
<msg timestamp="20221020 21:56:18.085" level="INFO">Slept 5 seconds</msg>
<status status="PASS" starttime="20221020 21:56:13.075" endtime="20221020 21:56:18.085"/>
</kw>
<status status="PASS" starttime="20221020 21:55:57.980" endtime="20221020 21:56:18.085"/>
</test>
<test id="s1-t3" name="Navegar transacciones" line="30">
<kw name="Seleccionar transacciones">
<kw name="Click Element" library="SeleniumLibrary">
<arg>${Transacciones}</arg>
<doc>Click the element identified by ``locator``.</doc>
<msg timestamp="20221020 21:56:18.085" level="INFO">Clicking element 'xpath=/html[1]/body[1]/app-root[1]/app-side-nav-outer-toolbar[1]/dx-drawer[1]/div[1]/div[1]/app-side-navigation-menu[1]/div[1]/div[2]/dx-scroll-view[1]/div[1]/div[1]/div[1]/div[2]/div[1]/div[1]/dx-tree-view[1]/div[2]/div[1]/div[1]/div[1]/ul[1]/li[1]/ul[1]/li[3]/div[1]'.</msg>
<status status="PASS" starttime="20221020 21:56:18.085" endtime="20221020 21:56:18.180"/>
</kw>
<status status="PASS" starttime="20221020 21:56:18.085" endtime="20221020 21:56:18.180"/>
</kw>
<kw name="Sleep" library="BuiltIn">
<arg>5s</arg>
<doc>Pauses the test executed for the given time.</doc>
<msg timestamp="20221020 21:56:23.188" level="INFO">Slept 5 seconds</msg>
<status status="PASS" starttime="20221020 21:56:18.180" endtime="20221020 21:56:23.188"/>
</kw>
<status status="PASS" starttime="20221020 21:56:18.085" endtime="20221020 21:56:23.188"/>
</test>
<test id="s1-t4" name="Seleccionar check" line="34">
<kw name="Seleccionar pendientes">
<kw name="Click Element" library="SeleniumLibrary">
<arg>${Pendientes}</arg>
<doc>Click the element identified by ``locator``.</doc>
<msg timestamp="20221020 21:56:23.189" level="INFO">Clicking element 'xpath=/html[1]/body[1]/app-root[1]/app-side-nav-outer-toolbar[1]/dx-drawer[1]/div[1]/div[2]/dx-scroll-view[1]/div[1]/div[1]/div[1]/div[2]/div[1]/app-main-container[1]/app-main-transactions-grid[1]/div[1]/dx-data-grid[1]/div[1]/div[4]/div[1]/div[1]/div[1]/div[1]/div[1]/div[4]/dx-check-box[1]/div[1]/span[1]'.</msg>
<status status="PASS" starttime="20221020 21:56:23.189" endtime="20221020 21:56:23.293"/>
</kw>
<status status="PASS" starttime="20221020 21:56:23.189" endtime="20221020 21:56:23.293"/>
</kw>
<kw name="Sleep" library="BuiltIn">
<arg>5s</arg>
<doc>Pauses the test executed for the given time.</doc>
<msg timestamp="20221020 21:56:28.298" level="INFO">Slept 5 seconds</msg>
<status status="PASS" starttime="20221020 21:56:23.293" endtime="20221020 21:56:28.298"/>
</kw>
<status status="PASS" starttime="20221020 21:56:23.189" endtime="20221020 21:56:28.298"/>
</test>
<test id="s1-t5" name="Seleccionar procesos" line="38">
<kw name="Seleccionar proceso">
<kw name="Click Element" library="SeleniumLibrary">
<arg>${Proceso}</arg>
<doc>Click the element identified by ``locator``.</doc>
<msg timestamp="20221020 21:56:28.298" level="INFO">Clicking element 'xpath=/html[1]/body[1]/app-root[1]/app-side-nav-outer-toolbar[1]/dx-drawer[1]/div[1]/div[2]/dx-scroll-view[1]/div[1]/div[1]/div[1]/div[2]/div[1]/app-main-container[1]/app-main-transactions-grid[1]/div[1]/dx-data-grid[1]/div[1]/div[6]/div[1]/div[1]/div[1]/div[1]/table[1]/tbody[1]/tr[1]/td[2]'.</msg>
<status status="PASS" starttime="20221020 21:56:28.298" endtime="20221020 21:56:28.385"/>
</kw>
<status status="PASS" starttime="20221020 21:56:28.298" endtime="20221020 21:56:28.385"/>
</kw>
<kw name="Sleep" library="BuiltIn">
<arg>3s</arg>
<doc>Pauses the test executed for the given time.</doc>
<msg timestamp="20221020 21:56:31.396" level="INFO">Slept 3 seconds</msg>
<status status="PASS" starttime="20221020 21:56:28.385" endtime="20221020 21:56:31.397"/>
</kw>
<kw name="Seleccionar ejecutar">
<kw name="Click Element" library="SeleniumLibrary">
<arg>${Ejecutar}</arg>
<doc>Click the element identified by ``locator``.</doc>
<msg timestamp="20221020 21:56:31.397" level="INFO">Clicking element 'xpath=/html[1]/body[1]/app-root[1]/app-side-nav-outer-toolbar[1]/dx-drawer[1]/div[1]/div[2]/dx-scroll-view[1]/div[1]/div[1]/div[1]/div[2]/div[1]/app-main-container[1]/app-main-transactions-grid[1]/div[1]/dx-data-grid[1]/div[1]/div[4]/div[1]/div[1]/div[1]/div[1]/div[1]/div[1]/dx-button[1]/div[1]'.</msg>
<status status="PASS" starttime="20221020 21:56:31.397" endtime="20221020 21:56:31.471"/>
</kw>
<status status="PASS" starttime="20221020 21:56:31.397" endtime="20221020 21:56:31.471"/>
</kw>
<kw name="Sleep" library="BuiltIn">
<arg>15s</arg>
<doc>Pauses the test executed for the given time.</doc>
<msg timestamp="20221020 21:56:46.481" level="INFO">Slept 15 seconds</msg>
<status status="PASS" starttime="20221020 21:56:31.471" endtime="20221020 21:56:46.481"/>
</kw>
<kw name="Seleccionar Cierro aviso">
<kw name="Click Element" library="SeleniumLibrary">
<arg>${CierroNotificacion}</arg>
<doc>Click the element identified by ``locator``.</doc>
<msg timestamp="20221020 21:56:46.481" level="INFO">Clicking element 'xpath=/html[1]/body[1]/div[2]/div[1]/div[1]/div[1]/div[3]/div[1]/div[1]/div[1]/div[1]/i[1]'.</msg>
<msg timestamp="20221020 21:56:46.643" level="INFO" html="true">&lt;/td&gt;&lt;/tr&gt;&lt;tr&gt;&lt;td colspan="3"&gt;&lt;a href="selenium-screenshot-11.png"&gt;&lt;img src="selenium-screenshot-11.png" width="800px"&gt;&lt;/a&gt;</msg>
<msg timestamp="20221020 21:56:46.643" level="FAIL">Element with locator 'xpath=/html[1]/body[1]/div[2]/div[1]/div[1]/div[1]/div[3]/div[1]/div[1]/div[1]/div[1]/i[1]' not found.</msg>
<status status="FAIL" starttime="20221020 21:56:46.481" endtime="20221020 21:56:46.643"/>
</kw>
<kw name="Click Element" library="SeleniumLibrary">
<arg>${Cerraraviso}</arg>
<doc>Click the element identified by ``locator``.</doc>
<status status="NOT RUN" starttime="20221020 21:56:46.643" endtime="20221020 21:56:46.643"/>
</kw>
<status status="FAIL" starttime="20221020 21:56:46.481" endtime="20221020 21:56:46.643"/>
</kw>
<status status="FAIL" starttime="20221020 21:56:28.298" endtime="20221020 21:56:46.643">Element with locator 'xpath=/html[1]/body[1]/div[2]/div[1]/div[1]/div[1]/div[3]/div[1]/div[1]/div[1]/div[1]/i[1]' not found.</status>
</test>
<status status="FAIL" starttime="20221020 21:55:40.532" endtime="20221020 21:56:46.643"/>
</suite>
<statistics>
<total>
<stat pass="4" fail="1" skip="0">All Tests</stat>
</total>
<tag>
</tag>
<suite>
<stat pass="4" fail="1" skip="0" id="s1" name="Transactions-pendientes">Transactions-pendientes</stat>
</suite>
</statistics>
<errors>
</errors>
</robot>
