<?xml version="1.0" encoding="UTF-8"?>
<robot generator="Robot 5.0.1 (Python 3.8.5 on win32)" generated="20221020 13:46:26.601" rpa="false" schemaversion="3">
<suite id="s1" name="Menu" source="C:\Proyectos\Robot_sfyc\Menu\Menu.robot">
<test id="s1-t1" name="Ingresar usuario" line="14">
<kw name="Open Browser" library="SeleniumLibrary">
<arg>${Pagina}</arg>
<arg>${Navegador}</arg>
<doc>Opens a new browser instance to the optional ``url``.</doc>
<msg timestamp="20221020 13:46:28.145" level="INFO">Opening browser 'Chrome' to base url 'https://qa.sfycnextgen.com.mx/equipments/ui/'.</msg>
<status status="PASS" starttime="20221020 13:46:28.144" endtime="20221020 13:46:47.337"/>
</kw>
<kw name="Maximize Browser Window" library="SeleniumLibrary">
<doc>Maximizes current browser window.</doc>
<status status="PASS" starttime="20221020 13:46:47.338" endtime="20221020 13:46:51.451"/>
</kw>
<kw name="Sleep" library="BuiltIn">
<arg>5s</arg>
<doc>Pauses the test executed for the given time.</doc>
<msg timestamp="20221020 13:46:56.454" level="INFO">Slept 5 seconds</msg>
<status status="PASS" starttime="20221020 13:46:51.451" endtime="20221020 13:46:56.454"/>
</kw>
<kw name="Ingresar usuario contrasena">
<kw name="Input Text" library="SeleniumLibrary">
<arg>name:Username</arg>
<arg>${Usuario}</arg>
<doc>Types the given ``text`` into the text field identified by ``locator``.</doc>
<msg timestamp="20221020 13:46:56.457" level="INFO">Typing text 'softteck01' into text field 'name:Username'.</msg>
<status status="PASS" starttime="20221020 13:46:56.456" endtime="20221020 13:46:56.645"/>
</kw>
<kw name="Input Text" library="SeleniumLibrary">
<arg>name:Password</arg>
<arg>${Pass}</arg>
<doc>Types the given ``text`` into the text field identified by ``locator``.</doc>
<msg timestamp="20221020 13:46:56.646" level="INFO">Typing text '123456c' into text field 'name:Password'.</msg>
<status status="PASS" starttime="20221020 13:46:56.646" endtime="20221020 13:46:56.848"/>
</kw>
<kw name="Sleep" library="BuiltIn">
<arg>2s</arg>
<doc>Pauses the test executed for the given time.</doc>
<msg timestamp="20221020 13:46:58.848" level="INFO">Slept 2 seconds</msg>
<status status="PASS" starttime="20221020 13:46:56.848" endtime="20221020 13:46:58.848"/>
</kw>
<kw name="Click Button" library="SeleniumLibrary">
<arg>name:button</arg>
<doc>Clicks the button identified by ``locator``.</doc>
<msg timestamp="20221020 13:46:58.849" level="INFO">Clicking button 'name:button'.</msg>
<status status="PASS" starttime="20221020 13:46:58.848" endtime="20221020 13:47:05.096"/>
</kw>
<status status="PASS" starttime="20221020 13:46:56.454" endtime="20221020 13:47:05.098"/>
</kw>
<status status="PASS" starttime="20221020 13:46:28.142" endtime="20221020 13:47:05.098"/>
</test>
<test id="s1-t2" name="Navegar menu" line="20">
<kw name="Sleep" library="BuiltIn">
<arg>15s</arg>
<doc>Pauses the test executed for the given time.</doc>
<msg timestamp="20221020 13:47:20.103" level="INFO">Slept 15 seconds</msg>
<status status="PASS" starttime="20221020 13:47:05.101" endtime="20221020 13:47:20.103"/>
</kw>
<kw name="Seleccionar menu">
<kw name="Click Element" library="SeleniumLibrary">
<arg>${Bottonmenu}</arg>
<doc>Click the element identified by ``locator``.</doc>
<msg timestamp="20221020 13:47:20.105" level="INFO">Clicking element 'xpath=/html/body/app-root/app-side-nav-outer-toolbar/dx-drawer/div/div[1]'.</msg>
<status status="PASS" starttime="20221020 13:47:20.104" endtime="20221020 13:47:21.823"/>
</kw>
<status status="PASS" starttime="20221020 13:47:20.103" endtime="20221020 13:47:21.823"/>
</kw>
<kw name="Sleep" library="BuiltIn">
<arg>5s</arg>
<doc>Pauses the test executed for the given time.</doc>
<msg timestamp="20221020 13:47:26.823" level="INFO">Slept 5 seconds</msg>
<status status="PASS" starttime="20221020 13:47:21.823" endtime="20221020 13:47:26.823"/>
</kw>
<kw name="Close Browser" library="SeleniumLibrary">
<doc>Closes the current browser.</doc>
<status status="PASS" starttime="20221020 13:47:26.823" endtime="20221020 13:47:29.365"/>
</kw>
<status status="PASS" starttime="20221020 13:47:05.100" endtime="20221020 13:47:29.366"/>
</test>
<status status="PASS" starttime="20221020 13:46:26.607" endtime="20221020 13:47:29.367"/>
</suite>
<statistics>
<total>
<stat pass="2" fail="0" skip="0">All Tests</stat>
</total>
<tag>
</tag>
<suite>
<stat pass="2" fail="0" skip="0" id="s1" name="Menu">Menu</stat>
</suite>
</statistics>
<errors>
</errors>
</robot>
