<?xml version="1.0" encoding="UTF-8"?>
<robot generator="Robot 5.0.1 (Python 3.8.5 on win32)" generated="20221020 17:14:03.945" rpa="false" schemaversion="3">
<suite id="s1" name="Example" source="C:\Proyectos\Robot_sfyc\Opereaciones Equipos\administracion de politicas\example.robot">
<test id="s1-t1" name="Ingresar usuario" line="17">
<kw name="Open Browser" library="SeleniumLibrary">
<arg>${Pagina}</arg>
<arg>${Navegador}</arg>
<doc>Opens a new browser instance to the optional ``url``.</doc>
<msg timestamp="20221020 17:14:04.877" level="INFO">Opening browser 'Chrome' to base url 'https://qa.sfycnextgen.com.mx/equipments/ui/'.</msg>
<status status="PASS" starttime="20221020 17:14:04.876" endtime="20221020 17:14:37.139"/>
</kw>
<kw name="Maximize Browser Window" library="SeleniumLibrary">
<doc>Maximizes current browser window.</doc>
<status status="PASS" starttime="20221020 17:14:37.140" endtime="20221020 17:14:42.189"/>
</kw>
<kw name="Sleep" library="BuiltIn">
<arg>5s</arg>
<doc>Pauses the test executed for the given time.</doc>
<msg timestamp="20221020 17:14:47.206" level="INFO">Slept 5 seconds</msg>
<status status="PASS" starttime="20221020 17:14:42.190" endtime="20221020 17:14:47.206"/>
</kw>
<kw name="Ingresar usuario contrasena">
<kw name="Input Text" library="SeleniumLibrary">
<arg>name:Username</arg>
<arg>${Usuario}</arg>
<doc>Types the given ``text`` into the text field identified by ``locator``.</doc>
<msg timestamp="20221020 17:14:47.207" level="INFO">Typing text 'softteck01' into text field 'name:Username'.</msg>
<status status="PASS" starttime="20221020 17:14:47.206" endtime="20221020 17:14:49.640"/>
</kw>
<kw name="Input Text" library="SeleniumLibrary">
<arg>name:Password</arg>
<arg>${Pass}</arg>
<doc>Types the given ``text`` into the text field identified by ``locator``.</doc>
<msg timestamp="20221020 17:14:49.641" level="INFO">Typing text '123456c' into text field 'name:Password'.</msg>
<status status="PASS" starttime="20221020 17:14:49.640" endtime="20221020 17:14:49.943"/>
</kw>
<kw name="Sleep" library="BuiltIn">
<arg>2s</arg>
<doc>Pauses the test executed for the given time.</doc>
<msg timestamp="20221020 17:14:51.945" level="INFO">Slept 2 seconds</msg>
<status status="PASS" starttime="20221020 17:14:49.943" endtime="20221020 17:14:51.946"/>
</kw>
<kw name="Click Button" library="SeleniumLibrary">
<arg>name:button</arg>
<doc>Clicks the button identified by ``locator``.</doc>
<msg timestamp="20221020 17:14:51.947" level="INFO">Clicking button 'name:button'.</msg>
<status status="PASS" starttime="20221020 17:14:51.946" endtime="20221020 17:14:58.479"/>
</kw>
<status status="PASS" starttime="20221020 17:14:47.206" endtime="20221020 17:14:58.479"/>
</kw>
<status status="PASS" starttime="20221020 17:14:04.874" endtime="20221020 17:14:58.480"/>
</test>
<test id="s1-t2" name="Navegar menu" line="23">
<kw name="Sleep" library="BuiltIn">
<arg>15s</arg>
<doc>Pauses the test executed for the given time.</doc>
<msg timestamp="20221020 17:15:13.484" level="INFO">Slept 15 seconds</msg>
<status status="PASS" starttime="20221020 17:14:58.481" endtime="20221020 17:15:13.484"/>
</kw>
<kw name="Seleccionar menu">
<kw name="Click Element" library="SeleniumLibrary">
<arg>${Bottonmenu}</arg>
<doc>Click the element identified by ``locator``.</doc>
<msg timestamp="20221020 17:15:13.487" level="INFO">Clicking element 'xpath=/html/body/app-root/app-side-nav-outer-toolbar/dx-drawer/div/div[1]'.</msg>
<status status="PASS" starttime="20221020 17:15:13.486" endtime="20221020 17:15:13.688"/>
</kw>
<status status="PASS" starttime="20221020 17:15:13.485" endtime="20221020 17:15:13.689"/>
</kw>
<kw name="Sleep" library="BuiltIn">
<arg>5s</arg>
<doc>Pauses the test executed for the given time.</doc>
<msg timestamp="20221020 17:15:18.690" level="INFO">Slept 5 seconds</msg>
<status status="PASS" starttime="20221020 17:15:13.689" endtime="20221020 17:15:18.690"/>
</kw>
<status status="PASS" starttime="20221020 17:14:58.481" endtime="20221020 17:15:18.691"/>
</test>
<test id="s1-t3" name="Seleccionar operaciones equipos" line="28">
<kw name="Seleccionar Bottonoperacionesequipos">
<kw name="Click Element" library="SeleniumLibrary">
<arg>${Bottonoperacionesequipos}</arg>
<doc>Click the element identified by ``locator``.</doc>
<msg timestamp="20221020 17:15:18.698" level="INFO">Clicking element 'xpath=//*[@id="divcontenedor"]/div[2]/dx-scroll-view/div[1]/div/div[1]/div[2]/div/div/dx-tree-view/div[2]/div/div/div[1]/ul/li/ul/li[5]'.</msg>
<status status="PASS" starttime="20221020 17:15:18.696" endtime="20221020 17:15:18.875"/>
</kw>
<status status="PASS" starttime="20221020 17:15:18.693" endtime="20221020 17:15:18.876"/>
</kw>
<kw name="Sleep" library="BuiltIn">
<arg>5s</arg>
<doc>Pauses the test executed for the given time.</doc>
<msg timestamp="20221020 17:15:23.878" level="INFO">Slept 5 seconds</msg>
<status status="PASS" starttime="20221020 17:15:18.876" endtime="20221020 17:15:23.878"/>
</kw>
<status status="PASS" starttime="20221020 17:15:18.692" endtime="20221020 17:15:23.879"/>
</test>
<test id="s1-t4" name="Seleccionar Administracion Politicas Instalacion" line="32">
<kw name="Seleccionar Administracion Politicas">
<kw name="Click Element" library="SeleniumLibrary">
<arg>${AdministracionPoliticas}</arg>
<doc>Click the element identified by ``locator``.</doc>
<msg timestamp="20221020 17:15:23.886" level="INFO">Clicking element 'xpath=/html[1]/body[1]/app-root[1]/app-side-nav-outer-toolbar[1]/dx-drawer[1]/div[1]/div[1]/app-side-navigation-menu[1]/div[1]/div[2]/dx-scroll-view[1]/div[1]/div[1]/div[1]/div[2]/div[1]/div[1]/dx-tree-view[1]/div[2]/div[1]/div[1]/div[1]/ul[1]/li[1]/ul[1]/li[5]/ul[1]/li[13]/div[1]/div[1]/span[1]'.</msg>
<status status="PASS" starttime="20221020 17:15:23.884" endtime="20221020 17:15:24.107"/>
</kw>
<status status="PASS" starttime="20221020 17:15:23.883" endtime="20221020 17:15:24.107"/>
</kw>
<kw name="Sleep" library="BuiltIn">
<arg>5s</arg>
<doc>Pauses the test executed for the given time.</doc>
<msg timestamp="20221020 17:15:29.107" level="INFO">Slept 5 seconds</msg>
<status status="PASS" starttime="20221020 17:15:24.107" endtime="20221020 17:15:29.107"/>
</kw>
<kw name="Close Browser" library="SeleniumLibrary">
<doc>Closes the current browser.</doc>
<status status="PASS" starttime="20221020 17:15:29.108" endtime="20221020 17:15:31.756"/>
</kw>
<status status="PASS" starttime="20221020 17:15:23.881" endtime="20221020 17:15:31.756"/>
</test>
<status status="PASS" starttime="20221020 17:14:03.951" endtime="20221020 17:15:31.758"/>
</suite>
<statistics>
<total>
<stat pass="4" fail="0" skip="0">All Tests</stat>
</total>
<tag>
</tag>
<suite>
<stat pass="4" fail="0" skip="0" id="s1" name="Example">Example</stat>
</suite>
</statistics>
<errors>
</errors>
</robot>
