<?xml version="1.0" encoding="UTF-8"?>
<robot generator="Robot 6.0.1 (Python 3.11.0 on win32)" generated="20240529 14:06:05.116" rpa="false" schemaversion="3">
<suite id="s1" name="consultaSaldo" source="C:\proyectos\robotFramework\Robot-LastVersion\Robot_sfyc\agenda\facturacion\saldos\consultaSaldo\consultaSaldo.robot">
<test id="s1-t1" name="Ingresar usuario" line="23">
<kw name="Abrir navegador">
<kw name="Open Browser" library="SeleniumLibrary">
<arg>${Pagina}</arg>
<arg>${Navegador}</arg>
<doc>Opens a new browser instance to the optional ``url``.</doc>
<msg timestamp="20240529 14:06:05.358" level="INFO">Opening browser 'Chrome' to base url 'https://agenda.qa-cluster.sfycnextgen.com.mx/ui/'.</msg>
<status status="PASS" starttime="20240529 14:06:05.358" endtime="20240529 14:06:09.719"/>
</kw>
<kw name="Title Should Be" library="SeleniumLibrary">
<arg>Atención a Clientes</arg>
<doc>Verifies that the current page title equals ``title``.</doc>
<msg timestamp="20240529 14:06:09.728" level="INFO">Page title is 'Atención a Clientes'.</msg>
<status status="PASS" starttime="20240529 14:06:09.719" endtime="20240529 14:06:09.728"/>
</kw>
<status status="PASS" starttime="20240529 14:06:05.357" endtime="20240529 14:06:09.728"/>
</kw>
<kw name="Maximize Browser Window" library="SeleniumLibrary">
<doc>Maximizes current browser window.</doc>
<status status="PASS" starttime="20240529 14:06:09.729" endtime="20240529 14:06:09.764"/>
</kw>
<kw name="Sleep" library="BuiltIn">
<arg>5s</arg>
<doc>Pauses the test executed for the given time.</doc>
<msg timestamp="20240529 14:06:14.765" level="INFO">Slept 5 seconds</msg>
<status status="PASS" starttime="20240529 14:06:09.764" endtime="20240529 14:06:14.765"/>
</kw>
<kw name="Seleccionar dominio">
<kw name="Select From List By Label" library="SeleniumLibrary">
<arg>name:Domain</arg>
<arg>SFYC</arg>
<doc>Selects options from selection list ``locator`` by ``labels``.</doc>
<msg timestamp="20240529 14:06:14.766" level="INFO">Selecting options from selection list 'name:Domain' by label SFYC.</msg>
<status status="PASS" starttime="20240529 14:06:14.766" endtime="20240529 14:06:14.864"/>
</kw>
<status status="PASS" starttime="20240529 14:06:14.765" endtime="20240529 14:06:14.864"/>
</kw>
<kw name="Sleep" library="BuiltIn">
<arg>5s</arg>
<doc>Pauses the test executed for the given time.</doc>
<msg timestamp="20240529 14:06:19.866" level="INFO">Slept 5 seconds</msg>
<status status="PASS" starttime="20240529 14:06:14.864" endtime="20240529 14:06:19.866"/>
</kw>
<kw name="Ingresar usuario contrasena">
<kw name="Input Text" library="SeleniumLibrary">
<arg>name:Username</arg>
<arg>${Usuario}</arg>
<doc>Types the given ``text`` into the text field identified by ``locator``.</doc>
<msg timestamp="20240529 14:06:19.867" level="INFO">Typing text 'dhernandezd' into text field 'name:Username'.</msg>
<status status="PASS" starttime="20240529 14:06:19.867" endtime="20240529 14:06:20.008"/>
</kw>
<kw name="Input Text" library="SeleniumLibrary">
<arg>name:Password</arg>
<arg>${Pass}</arg>
<doc>Types the given ``text`` into the text field identified by ``locator``.</doc>
<msg timestamp="20240529 14:06:20.009" level="INFO">Typing text 'Mega12345' into text field 'name:Password'.</msg>
<status status="PASS" starttime="20240529 14:06:20.009" endtime="20240529 14:06:20.098"/>
</kw>
<kw name="Sleep" library="BuiltIn">
<arg>3s</arg>
<doc>Pauses the test executed for the given time.</doc>
<msg timestamp="20240529 14:06:23.099" level="INFO">Slept 3 seconds</msg>
<status status="PASS" starttime="20240529 14:06:20.098" endtime="20240529 14:06:23.099"/>
</kw>
<kw name="Click Button" library="SeleniumLibrary">
<arg>name:button</arg>
<doc>Clicks the button identified by ``locator``.</doc>
<msg timestamp="20240529 14:06:23.099" level="INFO">Clicking button 'name:button'.</msg>
<status status="PASS" starttime="20240529 14:06:23.099" endtime="20240529 14:06:23.884"/>
</kw>
<status status="PASS" starttime="20240529 14:06:19.867" endtime="20240529 14:06:23.884"/>
</kw>
<kw name="Sleep" library="BuiltIn">
<arg>5s</arg>
<doc>Pauses the test executed for the given time.</doc>
<msg timestamp="20240529 14:06:28.889" level="INFO">Slept 5 seconds</msg>
<status status="PASS" starttime="20240529 14:06:23.889" endtime="20240529 14:06:28.889"/>
</kw>
<kw name="Ingresar contrato">
<kw name="Click Element" library="SeleniumLibrary">
<arg>${input_contrato}</arg>
<doc>Click the element identified by ``locator``.</doc>
<msg timestamp="20240529 14:06:28.891" level="INFO">Clicking element 'xpath=/html[1]/body[1]/div[1]/div[1]/div[2]/app-subscriber-search-container[1]/div[1]/div[2]/dx-scroll-view[1]/div[1]/div[1]/div[1]/div[2]/div[1]/div[1]/div[1]/app-subscriber-search-contract-form[1]/form[1]/div[1]/dx-text-box[1]/div[1]/div[1]/input[1]'.</msg>
<status status="PASS" starttime="20240529 14:06:28.890" endtime="20240529 14:06:28.983"/>
</kw>
<kw name="Sleep" library="BuiltIn">
<arg>2s</arg>
<doc>Pauses the test executed for the given time.</doc>
<msg timestamp="20240529 14:06:30.984" level="INFO">Slept 2 seconds</msg>
<status status="PASS" starttime="20240529 14:06:28.983" endtime="20240529 14:06:30.984"/>
</kw>
<kw name="Input Text" library="SeleniumLibrary">
<arg>${input_contrato}</arg>
<arg>${Contrato}</arg>
<doc>Types the given ``text`` into the text field identified by ``locator``.</doc>
<msg timestamp="20240529 14:06:30.984" level="INFO">Typing text '0120025329' into text field 'xpath=/html[1]/body[1]/div[1]/div[1]/div[2]/app-subscriber-search-container[1]/div[1]/div[2]/dx-scroll-view[1]/div[1]/div[1]/div[1]/div[2]/div[1]/div[1]/div[1]/app-subscriber-search-contract-form[1]/form[1]/div[1]/dx-text-box[1]/div[1]/div[1]/input[1]'.</msg>
<status status="PASS" starttime="20240529 14:06:30.984" endtime="20240529 14:06:31.262"/>
</kw>
<kw name="Sleep" library="BuiltIn">
<arg>3s</arg>
<doc>Pauses the test executed for the given time.</doc>
<msg timestamp="20240529 14:06:34.262" level="INFO">Slept 3 seconds</msg>
<status status="PASS" starttime="20240529 14:06:31.262" endtime="20240529 14:06:34.262"/>
</kw>
<kw name="Click Element" library="SeleniumLibrary">
<arg>${btnConsulta}</arg>
<doc>Click the element identified by ``locator``.</doc>
<msg timestamp="20240529 14:06:34.262" level="INFO">Clicking element 'xpath=/html[1]/body[1]/div[1]/div[1]/div[2]/app-subscriber-search-container[1]/div[1]/div[2]/div[1]/div[1]/dx-button[2]/div[1]/span[1]'.</msg>
<status status="PASS" starttime="20240529 14:06:34.262" endtime="20240529 14:06:34.358"/>
</kw>
<kw name="Sleep" library="BuiltIn">
<arg>5s</arg>
<doc>Pauses the test executed for the given time.</doc>
<msg timestamp="20240529 14:06:39.358" level="INFO">Slept 5 seconds</msg>
<status status="PASS" starttime="20240529 14:06:34.358" endtime="20240529 14:06:39.358"/>
</kw>
<status status="PASS" starttime="20240529 14:06:28.890" endtime="20240529 14:06:39.358"/>
</kw>
<kw name="Sleep" library="BuiltIn">
<arg>5s</arg>
<doc>Pauses the test executed for the given time.</doc>
<msg timestamp="20240529 14:06:44.359" level="INFO">Slept 5 seconds</msg>
<status status="PASS" starttime="20240529 14:06:39.359" endtime="20240529 14:06:44.359"/>
</kw>
<kw name="Consulta saldo">
<kw name="Click Element" library="SeleniumLibrary">
<arg>${btnFacturacion}</arg>
<doc>Click the element identified by ``locator``.</doc>
<msg timestamp="20240529 14:06:44.360" level="INFO">Clicking element 'xpath=//*[contains(text(), "Facturación")]'.</msg>
<status status="PASS" starttime="20240529 14:06:44.360" endtime="20240529 14:06:44.608"/>
</kw>
<kw name="Sleep" library="BuiltIn">
<arg>5s</arg>
<doc>Pauses the test executed for the given time.</doc>
<msg timestamp="20240529 14:06:49.609" level="INFO">Slept 5 seconds</msg>
<status status="PASS" starttime="20240529 14:06:44.609" endtime="20240529 14:06:49.609"/>
</kw>
<kw name="Click Element" library="SeleniumLibrary">
<arg>${btnConsultaSaldo}</arg>
<doc>Click the element identified by ``locator``.</doc>
<msg timestamp="20240529 14:06:49.609" level="INFO">Clicking element 'xpath=/html/body/app-root/app-agenda360/dx-tab-panel/div[2]/div/div/div[1]/div/div/app-agenda360-main-tab-panel/dx-tab-panel/div[2]/div/div/div[4]/div/app-billing-container/dx-tab-panel/div[2]/div/div/div[1]/dxi-item/app-balance-expense-container/div/div[1]/div[2]/dx-button/div'.</msg>
<status status="PASS" starttime="20240529 14:06:49.609" endtime="20240529 14:06:49.760"/>
</kw>
<kw name="Sleep" library="BuiltIn">
<arg>20s</arg>
<doc>Pauses the test executed for the given time.</doc>
<msg timestamp="20240529 14:07:09.760" level="INFO">Slept 20 seconds</msg>
<status status="PASS" starttime="20240529 14:06:49.760" endtime="20240529 14:07:09.760"/>
</kw>
<status status="PASS" starttime="20240529 14:06:44.360" endtime="20240529 14:07:09.760"/>
</kw>
<kw name="Sleep" library="BuiltIn">
<arg>2s</arg>
<doc>Pauses the test executed for the given time.</doc>
<msg timestamp="20240529 14:07:11.761" level="INFO">Slept 2 seconds</msg>
<status status="PASS" starttime="20240529 14:07:09.761" endtime="20240529 14:07:11.761"/>
</kw>
<kw name="Cerrar sesion">
<kw name="Click Element" library="SeleniumLibrary">
<arg>${btnMenuUser}</arg>
<doc>Click the element identified by ``locator``.</doc>
<msg timestamp="20240529 14:07:11.763" level="INFO">Clicking element 'xpath=/html/body/app-root/app-agenda360/sa-header/header/div[3]/span[2]/div[1]'.</msg>
<status status="PASS" starttime="20240529 14:07:11.762" endtime="20240529 14:07:11.877"/>
</kw>
<kw name="Sleep" library="BuiltIn">
<arg>3s</arg>
<doc>Pauses the test executed for the given time.</doc>
<msg timestamp="20240529 14:07:14.877" level="INFO">Slept 3 seconds</msg>
<status status="PASS" starttime="20240529 14:07:11.877" endtime="20240529 14:07:14.877"/>
</kw>
<kw name="Click Element" library="SeleniumLibrary">
<arg>${btnMenuCerrar}</arg>
<doc>Click the element identified by ``locator``.</doc>
<msg timestamp="20240529 14:07:14.877" level="INFO">Clicking element 'xpath=//*[contains(text(), "Cerrar sesión")]'.</msg>
<status status="PASS" starttime="20240529 14:07:14.877" endtime="20240529 14:07:15.008"/>
</kw>
<kw name="Sleep" library="BuiltIn">
<arg>3s</arg>
<doc>Pauses the test executed for the given time.</doc>
<msg timestamp="20240529 14:07:18.008" level="INFO">Slept 3 seconds</msg>
<status status="PASS" starttime="20240529 14:07:15.008" endtime="20240529 14:07:18.008"/>
</kw>
<kw name="Click Element" library="SeleniumLibrary">
<arg>${btnMenuCerrarSi}</arg>
<doc>Click the element identified by ``locator``.</doc>
<msg timestamp="20240529 14:07:18.008" level="INFO">Clicking element 'xpath=//dx-button[contains(@class, "logout-accept-button")]/div'.</msg>
<status status="PASS" starttime="20240529 14:07:18.008" endtime="20240529 14:07:18.357"/>
</kw>
<kw name="Sleep" library="BuiltIn">
<arg>3s</arg>
<doc>Pauses the test executed for the given time.</doc>
<msg timestamp="20240529 14:07:21.358" level="INFO">Slept 3 seconds</msg>
<status status="PASS" starttime="20240529 14:07:18.357" endtime="20240529 14:07:21.358"/>
</kw>
<kw name="Close Browser" library="SeleniumLibrary">
<doc>Closes the current browser.</doc>
<status status="PASS" starttime="20240529 14:07:21.358" endtime="20240529 14:07:23.812"/>
</kw>
<status status="PASS" starttime="20240529 14:07:11.762" endtime="20240529 14:07:23.812"/>
</kw>
<status status="PASS" starttime="20240529 14:06:05.357" endtime="20240529 14:07:23.813"/>
</test>
<status status="PASS" starttime="20240529 14:06:05.117" endtime="20240529 14:07:23.814"/>
</suite>
<statistics>
<total>
<stat pass="1" fail="0" skip="0">All Tests</stat>
</total>
<tag>
</tag>
<suite>
<stat pass="1" fail="0" skip="0" id="s1" name="consultaSaldo">consultaSaldo</stat>
</suite>
</statistics>
<errors>
</errors>
</robot>
