<?xml version="1.0" encoding="UTF-8"?>
<robot generator="Robot 6.0.1 (Python 3.11.0 on win32)" generated="20240527 19:11:50.653" rpa="false" schemaversion="3">
<suite id="s1" name="Busqueda Suscriptor Por Email" source="C:\proyectos\robotFramework\Robot-LastVersion\Robot_sfyc\agenda\BusquedaContrato\busqueda_suscriptor_por_email\busqueda_suscriptor_por_email.robot">
<test id="s1-t1" name="Ingresar usuario" line="23">
<kw name="Abrir navegador">
<kw name="Open Browser" library="SeleniumLibrary">
<arg>${Pagina}</arg>
<arg>${Navegador}</arg>
<doc>Opens a new browser instance to the optional ``url``.</doc>
<msg timestamp="20240527 19:11:50.900" level="INFO">Opening browser 'Chrome' to base url 'https://agenda.qa-cluster.sfycnextgen.com.mx/ui/'.</msg>
<status status="PASS" starttime="20240527 19:11:50.899" endtime="20240527 19:11:54.699"/>
</kw>
<kw name="Title Should Be" library="SeleniumLibrary">
<arg>Atención a Clientes</arg>
<doc>Verifies that the current page title equals ``title``.</doc>
<msg timestamp="20240527 19:11:54.708" level="INFO">Page title is 'Atención a Clientes'.</msg>
<status status="PASS" starttime="20240527 19:11:54.699" endtime="20240527 19:11:54.708"/>
</kw>
<status status="PASS" starttime="20240527 19:11:50.899" endtime="20240527 19:11:54.709"/>
</kw>
<kw name="Maximize Browser Window" library="SeleniumLibrary">
<doc>Maximizes current browser window.</doc>
<status status="PASS" starttime="20240527 19:11:54.709" endtime="20240527 19:11:54.752"/>
</kw>
<kw name="Sleep" library="BuiltIn">
<arg>5s</arg>
<doc>Pauses the test executed for the given time.</doc>
<msg timestamp="20240527 19:11:59.754" level="INFO">Slept 5 seconds</msg>
<status status="PASS" starttime="20240527 19:11:54.753" endtime="20240527 19:11:59.754"/>
</kw>
<kw name="Seleccionar dominio">
<kw name="Select From List By Label" library="SeleniumLibrary">
<arg>name:Domain</arg>
<arg>SFYC</arg>
<doc>Selects options from selection list ``locator`` by ``labels``.</doc>
<msg timestamp="20240527 19:11:59.756" level="INFO">Selecting options from selection list 'name:Domain' by label SFYC.</msg>
<status status="PASS" starttime="20240527 19:11:59.755" endtime="20240527 19:11:59.870"/>
</kw>
<status status="PASS" starttime="20240527 19:11:59.755" endtime="20240527 19:11:59.870"/>
</kw>
<kw name="Sleep" library="BuiltIn">
<arg>5s</arg>
<doc>Pauses the test executed for the given time.</doc>
<msg timestamp="20240527 19:12:04.871" level="INFO">Slept 5 seconds</msg>
<status status="PASS" starttime="20240527 19:11:59.871" endtime="20240527 19:12:04.871"/>
</kw>
<kw name="Ingresar usuario contrasena">
<kw name="Input Text" library="SeleniumLibrary">
<arg>name:Username</arg>
<arg>${Usuario}</arg>
<doc>Types the given ``text`` into the text field identified by ``locator``.</doc>
<msg timestamp="20240527 19:12:04.873" level="INFO">Typing text 'dhernandezd' into text field 'name:Username'.</msg>
<status status="PASS" starttime="20240527 19:12:04.872" endtime="20240527 19:12:05.025"/>
</kw>
<kw name="Input Text" library="SeleniumLibrary">
<arg>name:Password</arg>
<arg>${Pass}</arg>
<doc>Types the given ``text`` into the text field identified by ``locator``.</doc>
<msg timestamp="20240527 19:12:05.026" level="INFO">Typing text 'Mega12345' into text field 'name:Password'.</msg>
<status status="PASS" starttime="20240527 19:12:05.025" endtime="20240527 19:12:05.123"/>
</kw>
<kw name="Sleep" library="BuiltIn">
<arg>3s</arg>
<doc>Pauses the test executed for the given time.</doc>
<msg timestamp="20240527 19:12:08.123" level="INFO">Slept 3 seconds</msg>
<status status="PASS" starttime="20240527 19:12:05.123" endtime="20240527 19:12:08.123"/>
</kw>
<kw name="Click Button" library="SeleniumLibrary">
<arg>name:button</arg>
<doc>Clicks the button identified by ``locator``.</doc>
<msg timestamp="20240527 19:12:08.123" level="INFO">Clicking button 'name:button'.</msg>
<status status="PASS" starttime="20240527 19:12:08.123" endtime="20240527 19:12:09.063"/>
</kw>
<status status="PASS" starttime="20240527 19:12:04.872" endtime="20240527 19:12:09.063"/>
</kw>
<kw name="Sleep" library="BuiltIn">
<arg>5s</arg>
<doc>Pauses the test executed for the given time.</doc>
<msg timestamp="20240527 19:12:14.065" level="INFO">Slept 5 seconds</msg>
<status status="PASS" starttime="20240527 19:12:09.064" endtime="20240527 19:12:14.065"/>
</kw>
<kw name="Ingresar contrato">
<kw name="Click Element" library="SeleniumLibrary">
<arg>${btnEmail}</arg>
<doc>Click the element identified by ``locator``.</doc>
<msg timestamp="20240527 19:12:14.066" level="INFO">Clicking element 'xpath=/html[1]/body[1]/div[1]/div[1]/div[2]/app-subscriber-search-container[1]/div[1]/div[1]/dx-scroll-view[1]/div[1]/div[1]/div[1]/div[2]/dx-tab-panel[1]/div[1]/div[1]/div[1]/div[1]/div[1]/div[1]/div[1]/div[5]/div[1]/span[1]'.</msg>
<status status="PASS" starttime="20240527 19:12:14.065" endtime="20240527 19:12:14.174"/>
</kw>
<kw name="Sleep" library="BuiltIn">
<arg>2s</arg>
<doc>Pauses the test executed for the given time.</doc>
<msg timestamp="20240527 19:12:16.174" level="INFO">Slept 2 seconds</msg>
<status status="PASS" starttime="20240527 19:12:14.174" endtime="20240527 19:12:16.174"/>
</kw>
<kw name="Click Element" library="SeleniumLibrary">
<arg>${Lista_sucursal}</arg>
<doc>Click the element identified by ``locator``.</doc>
<msg timestamp="20240527 19:12:16.174" level="INFO">Clicking element 'xpath=/html[1]/body[1]/div[1]/div[1]/div[2]/app-subscriber-search-container[1]/div[1]/div[2]/dx-scroll-view[1]/div[1]/div[1]/div[1]/div[2]/div[1]/div[5]/div[1]/app-subscriber-search-email-form[1]/form[1]/div[1]/div[1]/app-branch-dropdown[1]/app-base-dropdown[1]/dx-drop-down-box[1]/div[1]/div[1]/div[1]/input[1]'.</msg>
<status status="PASS" starttime="20240527 19:12:16.174" endtime="20240527 19:12:16.293"/>
</kw>
<kw name="Sleep" library="BuiltIn">
<arg>8s</arg>
<doc>Pauses the test executed for the given time.</doc>
<msg timestamp="20240527 19:12:24.294" level="INFO">Slept 8 seconds</msg>
<status status="PASS" starttime="20240527 19:12:16.293" endtime="20240527 19:12:24.294"/>
</kw>
<kw name="Input Text" library="SeleniumLibrary">
<arg>${Campo_sucursal}</arg>
<arg>${Sucursal}</arg>
<doc>Types the given ``text`` into the text field identified by ``locator``.</doc>
<msg timestamp="20240527 19:12:24.294" level="INFO">Typing text '12' into text field 'xpath=//div[contains(@class, "dx-state-focused")]/div/div[1]/input'.</msg>
<status status="PASS" starttime="20240527 19:12:24.294" endtime="20240527 19:12:24.427"/>
</kw>
<kw name="Sleep" library="BuiltIn">
<arg>3s</arg>
<doc>Pauses the test executed for the given time.</doc>
<msg timestamp="20240527 19:12:27.429" level="INFO">Slept 3 seconds</msg>
<status status="PASS" starttime="20240527 19:12:24.427" endtime="20240527 19:12:27.429"/>
</kw>
<kw name="Click Element" library="SeleniumLibrary">
<arg>${Seleccion_sucursal}</arg>
<doc>Click the element identified by ``locator``.</doc>
<msg timestamp="20240527 19:12:27.429" level="INFO">Clicking element 'xpath=//td[normalize-space()='Tepic']'.</msg>
<status status="PASS" starttime="20240527 19:12:27.429" endtime="20240527 19:12:27.535"/>
</kw>
<kw name="Sleep" library="BuiltIn">
<arg>2s</arg>
<doc>Pauses the test executed for the given time.</doc>
<msg timestamp="20240527 19:12:29.536" level="INFO">Slept 2 seconds</msg>
<status status="PASS" starttime="20240527 19:12:27.535" endtime="20240527 19:12:29.536"/>
</kw>
<kw name="Input Text" library="SeleniumLibrary">
<arg>${Input_Email}</arg>
<arg>${Email}</arg>
<doc>Types the given ``text`` into the text field identified by ``locator``.</doc>
<msg timestamp="20240527 19:12:29.536" level="INFO">Typing text 'devherli16@gmail.com' into text field 'xpath=/html[1]/body[1]/div[1]/div[1]/div[2]/app-subscriber-search-container[1]/div[1]/div[2]/dx-scroll-view[1]/div[1]/div[1]/div[1]/div[2]/div[1]/div[5]/div[1]/app-subscriber-search-email-form[1]/form[1]/div[1]/div[2]/dx-text-box[1]/div[1]/div[1]/input[1]'.</msg>
<status status="PASS" starttime="20240527 19:12:29.536" endtime="20240527 19:12:29.939"/>
</kw>
<kw name="Sleep" library="BuiltIn">
<arg>2s</arg>
<doc>Pauses the test executed for the given time.</doc>
<msg timestamp="20240527 19:12:31.940" level="INFO">Slept 2 seconds</msg>
<status status="PASS" starttime="20240527 19:12:29.940" endtime="20240527 19:12:31.940"/>
</kw>
<kw name="Click Element" library="SeleniumLibrary">
<arg>${btnConsultar}</arg>
<doc>Click the element identified by ``locator``.</doc>
<msg timestamp="20240527 19:12:31.941" level="INFO">Clicking element 'xpath=/html[1]/body[1]/div[1]/div[1]/div[2]/app-subscriber-search-container[1]/div[1]/div[2]/div[1]/div[1]/dx-button[2]/div[1]/span[1]'.</msg>
<status status="PASS" starttime="20240527 19:12:31.940" endtime="20240527 19:12:32.047"/>
</kw>
<kw name="Sleep" library="BuiltIn">
<arg>120s</arg>
<doc>Pauses the test executed for the given time.</doc>
<msg timestamp="20240527 19:14:32.047" level="INFO">Slept 2 minutes</msg>
<status status="PASS" starttime="20240527 19:12:32.047" endtime="20240527 19:14:32.047"/>
</kw>
<kw name="Double Click Element" library="SeleniumLibrary">
<arg>${Seleccionar_contrato}</arg>
<doc>Double clicks the element identified by ``locator``.</doc>
<msg timestamp="20240527 19:14:32.047" level="INFO">Double clicking element 'xpath=/html[1]/body[1]/div[2]/div[1]/div[2]/app-subscriber-search-grid[1]/div[1]/dx-data-grid[1]/div[1]/div[6]/div[1]/div[1]/div[1]/div[1]/table[1]/tbody[1]/tr[1]/td[3]'.</msg>
<status status="PASS" starttime="20240527 19:14:32.047" endtime="20240527 19:14:32.435"/>
</kw>
<status status="PASS" starttime="20240527 19:12:14.065" endtime="20240527 19:14:32.435"/>
</kw>
<kw name="Sleep" library="BuiltIn">
<arg>5s</arg>
<doc>Pauses the test executed for the given time.</doc>
<msg timestamp="20240527 19:14:37.436" level="INFO">Slept 5 seconds</msg>
<status status="PASS" starttime="20240527 19:14:32.436" endtime="20240527 19:14:37.436"/>
</kw>
<kw name="Cerrar navegador">
<kw name="Sleep" library="BuiltIn">
<arg>3s</arg>
<doc>Pauses the test executed for the given time.</doc>
<msg timestamp="20240527 19:14:40.438" level="INFO">Slept 3 seconds</msg>
<status status="PASS" starttime="20240527 19:14:37.437" endtime="20240527 19:14:40.438"/>
</kw>
<kw name="Close Browser" library="SeleniumLibrary">
<doc>Closes the current browser.</doc>
<status status="PASS" starttime="20240527 19:14:40.438" endtime="20240527 19:14:42.934"/>
</kw>
<status status="PASS" starttime="20240527 19:14:37.437" endtime="20240527 19:14:42.934"/>
</kw>
<status status="PASS" starttime="20240527 19:11:50.898" endtime="20240527 19:14:42.937"/>
</test>
<status status="PASS" starttime="20240527 19:11:50.655" endtime="20240527 19:14:42.940"/>
</suite>
<statistics>
<total>
<stat pass="1" fail="0" skip="0">All Tests</stat>
</total>
<tag>
</tag>
<suite>
<stat pass="1" fail="0" skip="0" id="s1" name="Busqueda Suscriptor Por Email">Busqueda Suscriptor Por Email</stat>
</suite>
</statistics>
<errors>
</errors>
</robot>
