<?xml version="1.0" encoding="UTF-8"?>
<robot generator="Robot 6.0.1 (Python 3.11.0 on win32)" generated="20240527 18:53:01.260" rpa="false" schemaversion="3">
<suite id="s1" name="Busqueda Suscriptor Por Domicilio" source="C:\proyectos\robotFramework\Robot-LastVersion\Robot_sfyc\agenda\BusquedaContrato\busqueda_suscriptor_por_domicilio\busqueda_suscriptor_por_domicilio.robot">
<test id="s1-t1" name="Ingresar usuario" line="27">
<kw name="Abrir navegador">
<kw name="Open Browser" library="SeleniumLibrary">
<arg>${Pagina}</arg>
<arg>${Navegador}</arg>
<doc>Opens a new browser instance to the optional ``url``.</doc>
<msg timestamp="20240527 18:53:01.508" level="INFO">Opening browser 'Chrome' to base url 'https://agenda.qa-cluster.sfycnextgen.com.mx/ui/'.</msg>
<status status="PASS" starttime="20240527 18:53:01.507" endtime="20240527 18:53:05.188"/>
</kw>
<kw name="Title Should Be" library="SeleniumLibrary">
<arg>Atención a Clientes</arg>
<doc>Verifies that the current page title equals ``title``.</doc>
<msg timestamp="20240527 18:53:05.198" level="INFO">Page title is 'Atención a Clientes'.</msg>
<status status="PASS" starttime="20240527 18:53:05.188" endtime="20240527 18:53:05.199"/>
</kw>
<status status="PASS" starttime="20240527 18:53:01.507" endtime="20240527 18:53:05.199"/>
</kw>
<kw name="Maximize Browser Window" library="SeleniumLibrary">
<doc>Maximizes current browser window.</doc>
<status status="PASS" starttime="20240527 18:53:05.199" endtime="20240527 18:53:05.241"/>
</kw>
<kw name="Sleep" library="BuiltIn">
<arg>5s</arg>
<doc>Pauses the test executed for the given time.</doc>
<msg timestamp="20240527 18:53:10.243" level="INFO">Slept 5 seconds</msg>
<status status="PASS" starttime="20240527 18:53:05.241" endtime="20240527 18:53:10.243"/>
</kw>
<kw name="Seleccionar dominio">
<kw name="Select From List By Label" library="SeleniumLibrary">
<arg>name:Domain</arg>
<arg>SFYC</arg>
<doc>Selects options from selection list ``locator`` by ``labels``.</doc>
<msg timestamp="20240527 18:53:10.245" level="INFO">Selecting options from selection list 'name:Domain' by label SFYC.</msg>
<status status="PASS" starttime="20240527 18:53:10.244" endtime="20240527 18:53:10.356"/>
</kw>
<status status="PASS" starttime="20240527 18:53:10.244" endtime="20240527 18:53:10.356"/>
</kw>
<kw name="Sleep" library="BuiltIn">
<arg>5s</arg>
<doc>Pauses the test executed for the given time.</doc>
<msg timestamp="20240527 18:53:15.357" level="INFO">Slept 5 seconds</msg>
<status status="PASS" starttime="20240527 18:53:10.357" endtime="20240527 18:53:15.357"/>
</kw>
<kw name="Ingresar usuario contrasena">
<kw name="Input Text" library="SeleniumLibrary">
<arg>name:Username</arg>
<arg>${Usuario}</arg>
<doc>Types the given ``text`` into the text field identified by ``locator``.</doc>
<msg timestamp="20240527 18:53:15.359" level="INFO">Typing text 'dhernandezd' into text field 'name:Username'.</msg>
<status status="PASS" starttime="20240527 18:53:15.358" endtime="20240527 18:53:15.509"/>
</kw>
<kw name="Input Text" library="SeleniumLibrary">
<arg>name:Password</arg>
<arg>${Pass}</arg>
<doc>Types the given ``text`` into the text field identified by ``locator``.</doc>
<msg timestamp="20240527 18:53:15.509" level="INFO">Typing text 'Mega12345' into text field 'name:Password'.</msg>
<status status="PASS" starttime="20240527 18:53:15.509" endtime="20240527 18:53:15.604"/>
</kw>
<kw name="Sleep" library="BuiltIn">
<arg>3s</arg>
<doc>Pauses the test executed for the given time.</doc>
<msg timestamp="20240527 18:53:18.604" level="INFO">Slept 3 seconds</msg>
<status status="PASS" starttime="20240527 18:53:15.604" endtime="20240527 18:53:18.604"/>
</kw>
<kw name="Click Button" library="SeleniumLibrary">
<arg>name:button</arg>
<doc>Clicks the button identified by ``locator``.</doc>
<msg timestamp="20240527 18:53:18.604" level="INFO">Clicking button 'name:button'.</msg>
<status status="PASS" starttime="20240527 18:53:18.604" endtime="20240527 18:53:45.594"/>
</kw>
<status status="PASS" starttime="20240527 18:53:15.358" endtime="20240527 18:53:45.594"/>
</kw>
<kw name="Sleep" library="BuiltIn">
<arg>5s</arg>
<doc>Pauses the test executed for the given time.</doc>
<msg timestamp="20240527 18:53:50.602" level="INFO">Slept 5 seconds</msg>
<status status="PASS" starttime="20240527 18:53:45.602" endtime="20240527 18:53:50.602"/>
</kw>
<kw name="Ingresar contrato">
<kw name="Click Element" library="SeleniumLibrary">
<arg>${btnDomicilio}</arg>
<doc>Click the element identified by ``locator``.</doc>
<msg timestamp="20240527 18:53:50.604" level="INFO">Clicking element 'xpath=/html[1]/body[1]/div[1]/div[1]/div[2]/app-subscriber-search-container[1]/div[1]/div[1]/dx-scroll-view[1]/div[1]/div[1]/div[1]/div[2]/dx-tab-panel[1]/div[1]/div[1]/div[1]/div[1]/div[1]/div[1]/div[1]/div[3]/div[1]/span[1]/i[1]'.</msg>
<status status="PASS" starttime="20240527 18:53:50.603" endtime="20240527 18:53:50.714"/>
</kw>
<kw name="Sleep" library="BuiltIn">
<arg>2s</arg>
<doc>Pauses the test executed for the given time.</doc>
<msg timestamp="20240527 18:53:52.715" level="INFO">Slept 2 seconds</msg>
<status status="PASS" starttime="20240527 18:53:50.714" endtime="20240527 18:53:52.715"/>
</kw>
<kw name="Click Element" library="SeleniumLibrary">
<arg>${Lista_sucursal}</arg>
<doc>Click the element identified by ``locator``.</doc>
<msg timestamp="20240527 18:53:52.715" level="INFO">Clicking element 'xpath=/html[1]/body[1]/div[1]/div[1]/div[2]/app-subscriber-search-container[1]/div[1]/div[2]/dx-scroll-view[1]/div[1]/div[1]/div[1]/div[2]/div[1]/div[3]/div[1]/app-subscriber-search-address-form[1]/form[1]/div[1]/div[1]/div[1]/app-branch-dropdown[1]/app-base-dropdown[1]/dx-drop-down-box[1]/div[1]/div[1]/div[1]/input[1]'.</msg>
<status status="PASS" starttime="20240527 18:53:52.715" endtime="20240527 18:53:52.841"/>
</kw>
<kw name="Sleep" library="BuiltIn">
<arg>8s</arg>
<doc>Pauses the test executed for the given time.</doc>
<msg timestamp="20240527 18:54:00.842" level="INFO">Slept 8 seconds</msg>
<status status="PASS" starttime="20240527 18:53:52.841" endtime="20240527 18:54:00.842"/>
</kw>
<kw name="Input Text" library="SeleniumLibrary">
<arg>${Campo_sucursal}</arg>
<arg>${Sucursal}</arg>
<doc>Types the given ``text`` into the text field identified by ``locator``.</doc>
<msg timestamp="20240527 18:54:00.843" level="INFO">Typing text '12' into text field 'xpath=//div[@class='dx-show-invalid-badge dx-numberbox dx-texteditor dx-editor-underlined dx-texteditor-empty dx-widget dx-state-hover dx-state-focused']//input[@role='spinbutton']'.</msg>
<msg timestamp="20240527 18:54:00.947" level="INFO" html="true">&lt;/td&gt;&lt;/tr&gt;&lt;tr&gt;&lt;td colspan="3"&gt;&lt;a href="selenium-screenshot-18.png"&gt;&lt;img src="selenium-screenshot-18.png" width="800px"&gt;&lt;/a&gt;</msg>
<msg timestamp="20240527 18:54:00.947" level="FAIL">Element with locator 'xpath=//div[@class='dx-show-invalid-badge dx-numberbox dx-texteditor dx-editor-underlined dx-texteditor-empty dx-widget dx-state-hover dx-state-focused']//input[@role='spinbutton']' not found.</msg>
<status status="FAIL" starttime="20240527 18:54:00.842" endtime="20240527 18:54:00.949"/>
</kw>
<kw name="Sleep" library="BuiltIn">
<arg>3s</arg>
<doc>Pauses the test executed for the given time.</doc>
<status status="NOT RUN" starttime="20240527 18:54:00.949" endtime="20240527 18:54:00.950"/>
</kw>
<kw name="Click Element" library="SeleniumLibrary">
<arg>${Seleccion_sucursal}</arg>
<doc>Click the element identified by ``locator``.</doc>
<status status="NOT RUN" starttime="20240527 18:54:00.950" endtime="20240527 18:54:00.950"/>
</kw>
<kw name="Sleep" library="BuiltIn">
<arg>2s</arg>
<doc>Pauses the test executed for the given time.</doc>
<status status="NOT RUN" starttime="20240527 18:54:00.950" endtime="20240527 18:54:00.950"/>
</kw>
<kw name="Input Text" library="SeleniumLibrary">
<arg>${Input_Calle}</arg>
<arg>${Calle}</arg>
<doc>Types the given ``text`` into the text field identified by ``locator``.</doc>
<status status="NOT RUN" starttime="20240527 18:54:00.950" endtime="20240527 18:54:00.950"/>
</kw>
<kw name="Sleep" library="BuiltIn">
<arg>2s</arg>
<doc>Pauses the test executed for the given time.</doc>
<status status="NOT RUN" starttime="20240527 18:54:00.950" endtime="20240527 18:54:00.950"/>
</kw>
<kw name="Input Text" library="SeleniumLibrary">
<arg>${Input_num_ext}</arg>
<arg>${Num_Ext}</arg>
<doc>Types the given ``text`` into the text field identified by ``locator``.</doc>
<status status="NOT RUN" starttime="20240527 18:54:00.950" endtime="20240527 18:54:00.950"/>
</kw>
<kw name="Sleep" library="BuiltIn">
<arg>2s</arg>
<doc>Pauses the test executed for the given time.</doc>
<status status="NOT RUN" starttime="20240527 18:54:00.950" endtime="20240527 18:54:00.950"/>
</kw>
<kw name="Click Element" library="SeleniumLibrary">
<arg>${btnConsultar}</arg>
<doc>Click the element identified by ``locator``.</doc>
<status status="NOT RUN" starttime="20240527 18:54:00.950" endtime="20240527 18:54:00.950"/>
</kw>
<kw name="Sleep" library="BuiltIn">
<arg>5s</arg>
<doc>Pauses the test executed for the given time.</doc>
<status status="NOT RUN" starttime="20240527 18:54:00.950" endtime="20240527 18:54:00.950"/>
</kw>
<kw name="Double Click Element" library="SeleniumLibrary">
<arg>${Seleccionar_contrato}</arg>
<doc>Double clicks the element identified by ``locator``.</doc>
<status status="NOT RUN" starttime="20240527 18:54:00.950" endtime="20240527 18:54:00.950"/>
</kw>
<status status="FAIL" starttime="20240527 18:53:50.603" endtime="20240527 18:54:00.951"/>
</kw>
<kw name="Sleep" library="BuiltIn">
<arg>5s</arg>
<doc>Pauses the test executed for the given time.</doc>
<status status="NOT RUN" starttime="20240527 18:54:00.951" endtime="20240527 18:54:00.951"/>
</kw>
<kw name="Cerrar navegador">
<status status="NOT RUN" starttime="20240527 18:54:00.952" endtime="20240527 18:54:00.952"/>
</kw>
<status status="FAIL" starttime="20240527 18:53:01.507" endtime="20240527 18:54:00.954">Element with locator 'xpath=//div[@class='dx-show-invalid-badge dx-numberbox dx-texteditor dx-editor-underlined dx-texteditor-empty dx-widget dx-state-hover dx-state-focused']//input[@role='spinbutton']' not found.</status>
</test>
<status status="FAIL" starttime="20240527 18:53:01.262" endtime="20240527 18:54:00.956"/>
</suite>
<statistics>
<total>
<stat pass="0" fail="1" skip="0">All Tests</stat>
</total>
<tag>
</tag>
<suite>
<stat pass="0" fail="1" skip="0" id="s1" name="Busqueda Suscriptor Por Domicilio">Busqueda Suscriptor Por Domicilio</stat>
</suite>
</statistics>
<errors>
</errors>
</robot>
