<?xml version="1.0" encoding="UTF-8"?>
<robot generator="Robot 6.0.1 (Python 3.11.0 on win32)" generated="20240528 18:16:19.556" rpa="false" schemaversion="3">
<suite id="s1" name="InformacionTarjeta" source="C:\proyectos\robotFramework\Robot-LastVersion\Robot_sfyc\agenda\general\informacionTarjeta\InformacionTarjeta.robot">
<test id="s1-t1" name="Ingresar usuario" line="19">
<kw name="Abrir navegador">
<kw name="Open Browser" library="SeleniumLibrary">
<arg>${Pagina}</arg>
<arg>${Navegador}</arg>
<doc>Opens a new browser instance to the optional ``url``.</doc>
<msg timestamp="20240528 18:16:19.795" level="INFO">Opening browser 'Chrome' to base url 'https://agenda.qa-cluster.sfycnextgen.com.mx/ui/'.</msg>
<status status="PASS" starttime="20240528 18:16:19.795" endtime="20240528 18:16:23.610"/>
</kw>
<kw name="Title Should Be" library="SeleniumLibrary">
<arg>Atención a Clientes</arg>
<doc>Verifies that the current page title equals ``title``.</doc>
<msg timestamp="20240528 18:16:23.618" level="INFO">Page title is 'Atención a Clientes'.</msg>
<status status="PASS" starttime="20240528 18:16:23.611" endtime="20240528 18:16:23.619"/>
</kw>
<status status="PASS" starttime="20240528 18:16:19.794" endtime="20240528 18:16:23.619"/>
</kw>
<kw name="Maximize Browser Window" library="SeleniumLibrary">
<doc>Maximizes current browser window.</doc>
<status status="PASS" starttime="20240528 18:16:23.619" endtime="20240528 18:16:23.653"/>
</kw>
<kw name="Sleep" library="BuiltIn">
<arg>5s</arg>
<doc>Pauses the test executed for the given time.</doc>
<msg timestamp="20240528 18:16:28.654" level="INFO">Slept 5 seconds</msg>
<status status="PASS" starttime="20240528 18:16:23.654" endtime="20240528 18:16:28.654"/>
</kw>
<kw name="Seleccionar dominio">
<kw name="Select From List By Label" library="SeleniumLibrary">
<arg>name:Domain</arg>
<arg>SFYC</arg>
<doc>Selects options from selection list ``locator`` by ``labels``.</doc>
<msg timestamp="20240528 18:16:28.656" level="INFO">Selecting options from selection list 'name:Domain' by label SFYC.</msg>
<status status="PASS" starttime="20240528 18:16:28.655" endtime="20240528 18:16:28.762"/>
</kw>
<status status="PASS" starttime="20240528 18:16:28.655" endtime="20240528 18:16:28.763"/>
</kw>
<kw name="Sleep" library="BuiltIn">
<arg>5s</arg>
<doc>Pauses the test executed for the given time.</doc>
<msg timestamp="20240528 18:16:33.764" level="INFO">Slept 5 seconds</msg>
<status status="PASS" starttime="20240528 18:16:28.763" endtime="20240528 18:16:33.764"/>
</kw>
<kw name="Ingresar usuario contrasena">
<kw name="Input Text" library="SeleniumLibrary">
<arg>name:Username</arg>
<arg>${Usuario}</arg>
<doc>Types the given ``text`` into the text field identified by ``locator``.</doc>
<msg timestamp="20240528 18:16:33.766" level="INFO">Typing text 'dhernandezd' into text field 'name:Username'.</msg>
<status status="PASS" starttime="20240528 18:16:33.765" endtime="20240528 18:16:33.898"/>
</kw>
<kw name="Input Text" library="SeleniumLibrary">
<arg>name:Password</arg>
<arg>${Pass}</arg>
<doc>Types the given ``text`` into the text field identified by ``locator``.</doc>
<msg timestamp="20240528 18:16:33.899" level="INFO">Typing text 'Mega12345' into text field 'name:Password'.</msg>
<status status="PASS" starttime="20240528 18:16:33.899" endtime="20240528 18:16:34.006"/>
</kw>
<kw name="Sleep" library="BuiltIn">
<arg>3s</arg>
<doc>Pauses the test executed for the given time.</doc>
<msg timestamp="20240528 18:16:37.007" level="INFO">Slept 3 seconds</msg>
<status status="PASS" starttime="20240528 18:16:34.006" endtime="20240528 18:16:37.007"/>
</kw>
<kw name="Click Button" library="SeleniumLibrary">
<arg>name:button</arg>
<doc>Clicks the button identified by ``locator``.</doc>
<msg timestamp="20240528 18:16:37.007" level="INFO">Clicking button 'name:button'.</msg>
<status status="PASS" starttime="20240528 18:16:37.007" endtime="20240528 18:16:37.889"/>
</kw>
<status status="PASS" starttime="20240528 18:16:33.765" endtime="20240528 18:16:37.889"/>
</kw>
<kw name="Sleep" library="BuiltIn">
<arg>5s</arg>
<doc>Pauses the test executed for the given time.</doc>
<msg timestamp="20240528 18:16:42.891" level="INFO">Slept 5 seconds</msg>
<status status="PASS" starttime="20240528 18:16:37.890" endtime="20240528 18:16:42.891"/>
</kw>
<kw name="Ingresar contrato">
<kw name="Click Element" library="SeleniumLibrary">
<arg>${input_contrato}</arg>
<doc>Click the element identified by ``locator``.</doc>
<msg timestamp="20240528 18:16:42.893" level="INFO">Clicking element 'xpath=/html[1]/body[1]/div[1]/div[1]/div[2]/app-subscriber-search-container[1]/div[1]/div[2]/dx-scroll-view[1]/div[1]/div[1]/div[1]/div[2]/div[1]/div[1]/div[1]/app-subscriber-search-contract-form[1]/form[1]/div[1]/dx-text-box[1]/div[1]/div[1]/input[1]'.</msg>
<status status="PASS" starttime="20240528 18:16:42.892" endtime="20240528 18:16:42.985"/>
</kw>
<kw name="Sleep" library="BuiltIn">
<arg>2s</arg>
<doc>Pauses the test executed for the given time.</doc>
<msg timestamp="20240528 18:16:44.985" level="INFO">Slept 2 seconds</msg>
<status status="PASS" starttime="20240528 18:16:42.985" endtime="20240528 18:16:44.985"/>
</kw>
<kw name="Input Text" library="SeleniumLibrary">
<arg>${input_contrato}</arg>
<arg>${Contrato}</arg>
<doc>Types the given ``text`` into the text field identified by ``locator``.</doc>
<msg timestamp="20240528 18:16:44.985" level="INFO">Typing text '0120025329' into text field 'xpath=/html[1]/body[1]/div[1]/div[1]/div[2]/app-subscriber-search-container[1]/div[1]/div[2]/dx-scroll-view[1]/div[1]/div[1]/div[1]/div[2]/div[1]/div[1]/div[1]/app-subscriber-search-contract-form[1]/form[1]/div[1]/dx-text-box[1]/div[1]/div[1]/input[1]'.</msg>
<status status="PASS" starttime="20240528 18:16:44.985" endtime="20240528 18:16:45.260"/>
</kw>
<kw name="Sleep" library="BuiltIn">
<arg>3s</arg>
<doc>Pauses the test executed for the given time.</doc>
<msg timestamp="20240528 18:16:48.261" level="INFO">Slept 3 seconds</msg>
<status status="PASS" starttime="20240528 18:16:45.260" endtime="20240528 18:16:48.261"/>
</kw>
<kw name="Click Element" library="SeleniumLibrary">
<arg>${btnConsulta}</arg>
<doc>Click the element identified by ``locator``.</doc>
<msg timestamp="20240528 18:16:48.261" level="INFO">Clicking element 'xpath=/html[1]/body[1]/div[1]/div[1]/div[2]/app-subscriber-search-container[1]/div[1]/div[2]/div[1]/div[1]/dx-button[2]/div[1]/span[1]'.</msg>
<status status="PASS" starttime="20240528 18:16:48.261" endtime="20240528 18:16:48.358"/>
</kw>
<kw name="Sleep" library="BuiltIn">
<arg>10s</arg>
<doc>Pauses the test executed for the given time.</doc>
<msg timestamp="20240528 18:16:58.359" level="INFO">Slept 10 seconds</msg>
<status status="PASS" starttime="20240528 18:16:48.358" endtime="20240528 18:16:58.359"/>
</kw>
<status status="PASS" starttime="20240528 18:16:42.892" endtime="20240528 18:16:58.359"/>
</kw>
<kw name="Sleep" library="BuiltIn">
<arg>5s</arg>
<doc>Pauses the test executed for the given time.</doc>
<msg timestamp="20240528 18:17:03.360" level="INFO">Slept 5 seconds</msg>
<status status="PASS" starttime="20240528 18:16:58.360" endtime="20240528 18:17:03.360"/>
</kw>
<kw name="Consulta tarjeta">
<kw name="Wait Until Element Is Visible" library="SeleniumLibrary">
<arg>${btninfoTarjeta}</arg>
<arg>5s</arg>
<doc>Waits until the element ``locator`` is visible.</doc>
<msg timestamp="20240528 18:17:08.629" level="INFO" html="true">&lt;/td&gt;&lt;/tr&gt;&lt;tr&gt;&lt;td colspan="3"&gt;&lt;a href="selenium-screenshot-16.png"&gt;&lt;img src="selenium-screenshot-16.png" width="800px"&gt;&lt;/a&gt;</msg>
<msg timestamp="20240528 18:17:08.629" level="FAIL">Element 'xpath=//dx-button[@text='Información de Tarjeta']/div[@class='dx-button-content'][span[text()='Información de Tarjeta']]' not visible after 5 seconds.</msg>
<status status="FAIL" starttime="20240528 18:17:03.362" endtime="20240528 18:17:08.631"/>
</kw>
<kw name="Wait Until Element Is Enabled" library="SeleniumLibrary">
<arg>${btninfoTarjeta}</arg>
<arg>5s</arg>
<doc>Waits until the element ``locator`` is enabled.</doc>
<status status="NOT RUN" starttime="20240528 18:17:08.631" endtime="20240528 18:17:08.631"/>
</kw>
<kw name="Click Element" library="SeleniumLibrary">
<arg>${btninfoTarjeta}</arg>
<doc>Click the element identified by ``locator``.</doc>
<status status="NOT RUN" starttime="20240528 18:17:08.631" endtime="20240528 18:17:08.631"/>
</kw>
<kw name="Sleep" library="BuiltIn">
<arg>2s</arg>
<doc>Pauses the test executed for the given time.</doc>
<status status="NOT RUN" starttime="20240528 18:17:08.631" endtime="20240528 18:17:08.631"/>
</kw>
<status status="FAIL" starttime="20240528 18:17:03.362" endtime="20240528 18:17:08.631"/>
</kw>
<kw name="Sleep" library="BuiltIn">
<arg>2s</arg>
<doc>Pauses the test executed for the given time.</doc>
<status status="NOT RUN" starttime="20240528 18:17:08.633" endtime="20240528 18:17:08.633"/>
</kw>
<kw name="Cerrar navegador">
<status status="NOT RUN" starttime="20240528 18:17:08.633" endtime="20240528 18:17:08.634"/>
</kw>
<status status="FAIL" starttime="20240528 18:16:19.794" endtime="20240528 18:17:08.634">Element 'xpath=//dx-button[@text='Información de Tarjeta']/div[@class='dx-button-content'][span[text()='Información de Tarjeta']]' not visible after 5 seconds.</status>
</test>
<status status="FAIL" starttime="20240528 18:16:19.558" endtime="20240528 18:17:08.636"/>
</suite>
<statistics>
<total>
<stat pass="0" fail="1" skip="0">All Tests</stat>
</total>
<tag>
</tag>
<suite>
<stat pass="0" fail="1" skip="0" id="s1" name="InformacionTarjeta">InformacionTarjeta</stat>
</suite>
</statistics>
<errors>
</errors>
</robot>
