<?xml version="1.0" encoding="UTF-8"?>
<robot generator="Robot 6.0.1 (Python 3.11.0 on win32)" generated="20240527 20:07:55.871" rpa="false" schemaversion="3">
<suite id="s1" name="InformacionTarjeta" source="C:\proyectos\robotFramework\Robot-LastVersion\Robot_sfyc\agenda\general\informacionTarjeta\InformacionTarjeta.robot">
<test id="s1-t1" name="Ingresar usuario" line="19">
<kw name="Abrir navegador">
<kw name="Open Browser" library="SeleniumLibrary">
<arg>${Pagina}</arg>
<arg>${Navegador}</arg>
<doc>Opens a new browser instance to the optional ``url``.</doc>
<msg timestamp="20240527 20:07:56.117" level="INFO">Opening browser 'Chrome' to base url 'https://agenda.qa-cluster.sfycnextgen.com.mx/ui/'.</msg>
<status status="PASS" starttime="20240527 20:07:56.117" endtime="20240527 20:07:57.367"/>
</kw>
<kw name="Title Should Be" library="SeleniumLibrary">
<arg>Atención a Clientes</arg>
<doc>Verifies that the current page title equals ``title``.</doc>
<msg timestamp="20240527 20:07:59.975" level="INFO">Page title is 'Atención a Clientes'.</msg>
<status status="PASS" starttime="20240527 20:07:57.368" endtime="20240527 20:07:59.975"/>
</kw>
<status status="PASS" starttime="20240527 20:07:56.116" endtime="20240527 20:07:59.975"/>
</kw>
<kw name="Maximize Browser Window" library="SeleniumLibrary">
<doc>Maximizes current browser window.</doc>
<status status="PASS" starttime="20240527 20:07:59.976" endtime="20240527 20:08:00.026"/>
</kw>
<kw name="Sleep" library="BuiltIn">
<arg>5s</arg>
<doc>Pauses the test executed for the given time.</doc>
<msg timestamp="20240527 20:08:05.028" level="INFO">Slept 5 seconds</msg>
<status status="PASS" starttime="20240527 20:08:00.026" endtime="20240527 20:08:05.028"/>
</kw>
<kw name="Seleccionar dominio">
<kw name="Select From List By Label" library="SeleniumLibrary">
<arg>name:Domain</arg>
<arg>SFYC</arg>
<doc>Selects options from selection list ``locator`` by ``labels``.</doc>
<msg timestamp="20240527 20:08:05.029" level="INFO">Selecting options from selection list 'name:Domain' by label SFYC.</msg>
<status status="PASS" starttime="20240527 20:08:05.028" endtime="20240527 20:08:05.139"/>
</kw>
<status status="PASS" starttime="20240527 20:08:05.028" endtime="20240527 20:08:05.139"/>
</kw>
<kw name="Sleep" library="BuiltIn">
<arg>5s</arg>
<doc>Pauses the test executed for the given time.</doc>
<msg timestamp="20240527 20:08:10.140" level="INFO">Slept 5 seconds</msg>
<status status="PASS" starttime="20240527 20:08:05.140" endtime="20240527 20:08:10.140"/>
</kw>
<kw name="Ingresar usuario contrasena">
<kw name="Input Text" library="SeleniumLibrary">
<arg>name:Username</arg>
<arg>${Usuario}</arg>
<doc>Types the given ``text`` into the text field identified by ``locator``.</doc>
<msg timestamp="20240527 20:08:10.142" level="INFO">Typing text 'dhernandezd' into text field 'name:Username'.</msg>
<status status="PASS" starttime="20240527 20:08:10.141" endtime="20240527 20:08:10.275"/>
</kw>
<kw name="Input Text" library="SeleniumLibrary">
<arg>name:Password</arg>
<arg>${Pass}</arg>
<doc>Types the given ``text`` into the text field identified by ``locator``.</doc>
<msg timestamp="20240527 20:08:10.276" level="INFO">Typing text 'Mega12345' into text field 'name:Password'.</msg>
<status status="PASS" starttime="20240527 20:08:10.275" endtime="20240527 20:08:10.390"/>
</kw>
<kw name="Sleep" library="BuiltIn">
<arg>3s</arg>
<doc>Pauses the test executed for the given time.</doc>
<msg timestamp="20240527 20:08:13.391" level="INFO">Slept 3 seconds</msg>
<status status="PASS" starttime="20240527 20:08:10.391" endtime="20240527 20:08:13.391"/>
</kw>
<kw name="Click Button" library="SeleniumLibrary">
<arg>name:button</arg>
<doc>Clicks the button identified by ``locator``.</doc>
<msg timestamp="20240527 20:08:13.391" level="INFO">Clicking button 'name:button'.</msg>
<status status="PASS" starttime="20240527 20:08:13.391" endtime="20240527 20:08:14.299"/>
</kw>
<status status="PASS" starttime="20240527 20:08:10.141" endtime="20240527 20:08:14.299"/>
</kw>
<kw name="Sleep" library="BuiltIn">
<arg>5s</arg>
<doc>Pauses the test executed for the given time.</doc>
<msg timestamp="20240527 20:08:19.307" level="INFO">Slept 5 seconds</msg>
<status status="PASS" starttime="20240527 20:08:14.305" endtime="20240527 20:08:19.307"/>
</kw>
<kw name="Ingresar contrato">
<kw name="Click Element" library="SeleniumLibrary">
<arg>${input_contrato}</arg>
<doc>Click the element identified by ``locator``.</doc>
<msg timestamp="20240527 20:08:19.308" level="INFO">Clicking element 'xpath=/html[1]/body[1]/div[1]/div[1]/div[2]/app-subscriber-search-container[1]/div[1]/div[2]/dx-scroll-view[1]/div[1]/div[1]/div[1]/div[2]/div[1]/div[1]/div[1]/app-subscriber-search-contract-form[1]/form[1]/div[1]/dx-text-box[1]/div[1]/div[1]/input[1]'.</msg>
<status status="PASS" starttime="20240527 20:08:19.307" endtime="20240527 20:08:19.406"/>
</kw>
<kw name="Sleep" library="BuiltIn">
<arg>2s</arg>
<doc>Pauses the test executed for the given time.</doc>
<msg timestamp="20240527 20:08:21.406" level="INFO">Slept 2 seconds</msg>
<status status="PASS" starttime="20240527 20:08:19.406" endtime="20240527 20:08:21.406"/>
</kw>
<kw name="Input Text" library="SeleniumLibrary">
<arg>${input_contrato}</arg>
<arg>${Contrato}</arg>
<doc>Types the given ``text`` into the text field identified by ``locator``.</doc>
<msg timestamp="20240527 20:08:21.406" level="INFO">Typing text '0120025329' into text field 'xpath=/html[1]/body[1]/div[1]/div[1]/div[2]/app-subscriber-search-container[1]/div[1]/div[2]/dx-scroll-view[1]/div[1]/div[1]/div[1]/div[2]/div[1]/div[1]/div[1]/app-subscriber-search-contract-form[1]/form[1]/div[1]/dx-text-box[1]/div[1]/div[1]/input[1]'.</msg>
<status status="PASS" starttime="20240527 20:08:21.406" endtime="20240527 20:08:21.698"/>
</kw>
<kw name="Sleep" library="BuiltIn">
<arg>3s</arg>
<doc>Pauses the test executed for the given time.</doc>
<msg timestamp="20240527 20:08:24.698" level="INFO">Slept 3 seconds</msg>
<status status="PASS" starttime="20240527 20:08:21.698" endtime="20240527 20:08:24.698"/>
</kw>
<kw name="Click Element" library="SeleniumLibrary">
<arg>${btnConsulta}</arg>
<doc>Click the element identified by ``locator``.</doc>
<msg timestamp="20240527 20:08:24.698" level="INFO">Clicking element 'xpath=/html[1]/body[1]/div[1]/div[1]/div[2]/app-subscriber-search-container[1]/div[1]/div[2]/div[1]/div[1]/dx-button[2]/div[1]/span[1]'.</msg>
<status status="PASS" starttime="20240527 20:08:24.698" endtime="20240527 20:08:24.794"/>
</kw>
<kw name="Sleep" library="BuiltIn">
<arg>10s</arg>
<doc>Pauses the test executed for the given time.</doc>
<msg timestamp="20240527 20:08:34.796" level="INFO">Slept 10 seconds</msg>
<status status="PASS" starttime="20240527 20:08:24.794" endtime="20240527 20:08:34.796"/>
</kw>
<status status="PASS" starttime="20240527 20:08:19.307" endtime="20240527 20:08:34.796"/>
</kw>
<kw name="Sleep" library="BuiltIn">
<arg>5s</arg>
<doc>Pauses the test executed for the given time.</doc>
<msg timestamp="20240527 20:08:39.797" level="INFO">Slept 5 seconds</msg>
<status status="PASS" starttime="20240527 20:08:34.797" endtime="20240527 20:08:39.797"/>
</kw>
<kw name="Consulta tarjeta">
<kw name="Click Element" library="SeleniumLibrary">
<arg>${btninfoTarjeta}</arg>
<doc>Click the element identified by ``locator``.</doc>
<msg timestamp="20240527 20:08:39.798" level="INFO">Clicking element 'xpath=/html[1]/body[1]/app-root[1]/app-agenda360[1]/dx-tab-panel[1]/div[2]/div[1]/div[1]/div[3]/div[1]/app-agenda360-client-information-container[1]/div[1]/dx-tab-panel[1]/div[2]/div[1]/div[1]/div[1]/div[1]/dx-scroll-view[1]/div[1]/div[1]/div[1]/div[2]/div[1]/app-client-information-tab-container[1]/div[1]/div[1]/dx-button[1]/div[1]/span[1]'.</msg>
<msg timestamp="20240527 20:08:39.876" level="INFO" html="true">&lt;/td&gt;&lt;/tr&gt;&lt;tr&gt;&lt;td colspan="3"&gt;&lt;a href="selenium-screenshot-9.png"&gt;&lt;img src="selenium-screenshot-9.png" width="800px"&gt;&lt;/a&gt;</msg>
<msg timestamp="20240527 20:08:39.877" level="FAIL">Element with locator 'xpath=/html[1]/body[1]/app-root[1]/app-agenda360[1]/dx-tab-panel[1]/div[2]/div[1]/div[1]/div[3]/div[1]/app-agenda360-client-information-container[1]/div[1]/dx-tab-panel[1]/div[2]/div[1]/div[1]/div[1]/div[1]/dx-scroll-view[1]/div[1]/div[1]/div[1]/div[2]/div[1]/app-client-information-tab-container[1]/div[1]/div[1]/dx-button[1]/div[1]/span[1]' not found.</msg>
<status status="FAIL" starttime="20240527 20:08:39.798" endtime="20240527 20:08:39.879"/>
</kw>
<kw name="Sleep" library="BuiltIn">
<arg>2s</arg>
<doc>Pauses the test executed for the given time.</doc>
<status status="NOT RUN" starttime="20240527 20:08:39.879" endtime="20240527 20:08:39.879"/>
</kw>
<status status="FAIL" starttime="20240527 20:08:39.798" endtime="20240527 20:08:39.879"/>
</kw>
<kw name="Sleep" library="BuiltIn">
<arg>2s</arg>
<doc>Pauses the test executed for the given time.</doc>
<status status="NOT RUN" starttime="20240527 20:08:39.880" endtime="20240527 20:08:39.880"/>
</kw>
<kw name="Cerrar navegador">
<status status="NOT RUN" starttime="20240527 20:08:39.881" endtime="20240527 20:08:39.881"/>
</kw>
<status status="FAIL" starttime="20240527 20:07:56.116" endtime="20240527 20:08:39.881">Element with locator 'xpath=/html[1]/body[1]/app-root[1]/app-agenda360[1]/dx-tab-panel[1]/div[2]/div[1]/div[1]/div[3]/div[1]/app-agenda360-client-information-container[1]/div[1]/dx-tab-panel[1]/div[2]/div[1]/div[1]/div[1]/div[1]/dx-scroll-view[1]/div[1]/div[1]/div[1]/div[2]/div[1]/app-client-information-tab-container[1]/div[1]/div[1]/dx-button[1]/div[1]/span[1]' not found.</status>
</test>
<status status="FAIL" starttime="20240527 20:07:55.874" endtime="20240527 20:08:39.883"/>
</suite>
<statistics>
<total>
<stat pass="0" fail="1" skip="0">All Tests</stat>
</total>
<tag>
</tag>
<suite>
<stat pass="0" fail="1" skip="0" id="s1" name="InformacionTarjeta">InformacionTarjeta</stat>
</suite>
</statistics>
<errors>
</errors>
</robot>
